2022-08-04T22:03:46,646 INFO  [restartedMain]  o.s.b.StartupInfoLogger: Starting StudentManagementSystemApplication using Java 17.0.1 on PS-WIN-LP-211 with PID 5544 (E:\Spring tool\student-management-system\target\classes started by ayush.jajodia in E:\Spring tool\student-management-system)
 2022-08-04T22:03:46,656 DEBUG [restartedMain]  o.s.b.StartupInfoLogger: Running with Spring Boot v2.7.1, Spring v5.3.21
 2022-08-04T22:03:46,657 INFO  [restartedMain]  o.s.b.SpringApplication: No active profile set, falling back to 1 default profile: "default"
 2022-08-04T22:03:46,721 INFO  [restartedMain]  o.s.b.l.DeferredLog: Devtools property defaults active! Set 'spring.devtools.add-properties' to 'false' to disable
 2022-08-04T22:03:46,722 INFO  [restartedMain]  o.s.b.l.DeferredLog: For additional web related logging consider setting the 'logging.level.web' property to 'DEBUG'
 2022-08-04T22:03:47,699 INFO  [restartedMain]  o.s.d.r.c.RepositoryConfigurationDelegate: Bootstrapping Spring Data JPA repositories in DEFAULT mode.
 2022-08-04T22:03:47,774 INFO  [restartedMain]  o.s.d.r.c.RepositoryConfigurationDelegate: Finished Spring Data repository scanning in 65 ms. Found 2 JPA repository interfaces.
 2022-08-04T22:03:48,425 INFO  [restartedMain]  o.s.b.w.e.t.TomcatWebServer: Tomcat initialized with port(s): 8070 (http)
 2022-08-04T22:03:48,443 INFO  [restartedMain]  o.a.j.l.DirectJDKLog: Starting service [Tomcat]
 2022-08-04T22:03:48,445 INFO  [restartedMain]  o.a.j.l.DirectJDKLog: Starting Servlet engine: [Apache Tomcat/9.0.64]
 2022-08-04T22:03:48,629 INFO  [restartedMain]  o.a.j.l.DirectJDKLog: Initializing Spring embedded WebApplicationContext
 2022-08-04T22:03:48,629 INFO  [restartedMain]  o.s.b.w.s.c.ServletWebServerApplicationContext: Root WebApplicationContext: initialization completed in 1906 ms
 2022-08-04T22:03:49,113 INFO  [restartedMain]  o.h.j.i.u.LogHelper: HHH000204: Processing PersistenceUnitInfo [name: default]
 2022-08-04T22:03:49,164 INFO  [restartedMain]  o.h.Version: HHH000412: Hibernate ORM core version 5.6.9.Final
 2022-08-04T22:03:49,351 INFO  [restartedMain]  o.h.a.c.r.j.JavaReflectionManager: HCANN000001: Hibernate Commons Annotations {5.1.2.Final}
 2022-08-04T22:03:49,469 INFO  [restartedMain]  c.z.h.HikariDataSource: HikariPool-1 - Starting...
 2022-08-04T22:03:49,833 INFO  [restartedMain]  c.z.h.HikariDataSource: HikariPool-1 - Start completed.
 2022-08-04T22:03:49,867 INFO  [restartedMain]  o.h.d.Dialect: HHH000400: Using dialect: org.hibernate.dialect.MySQL8Dialect
 2022-08-04T22:03:50,673 INFO  [restartedMain]  o.h.e.t.j.p.i.JtaPlatformInitiator: HHH000490: Using JtaPlatform implementation: [org.hibernate.engine.transaction.jta.platform.internal.NoJtaPlatform]
 2022-08-04T22:03:50,682 INFO  [restartedMain]  o.s.o.j.AbstractEntityManagerFactoryBean: Initialized JPA EntityManagerFactory for persistence unit 'default'
 2022-08-04T22:03:51,285 WARN  [restartedMain]  o.s.b.a.o.j.JpaBaseConfiguration$JpaWebConfiguration: spring.jpa.open-in-view is enabled by default. Therefore, database queries may be performed during view rendering. Explicitly configure spring.jpa.open-in-view to disable this warning
 2022-08-04T22:03:51,806 INFO  [restartedMain]  o.s.b.d.a.OptionalLiveReloadServer: LiveReload server is running on port 35729
 2022-08-04T22:03:51,812 INFO  [restartedMain]  o.s.b.a.e.w.EndpointLinksResolver: Exposing 1 endpoint(s) beneath base path '/actuator'
 2022-08-04T22:03:51,877 INFO  [restartedMain]  o.s.b.w.e.t.TomcatWebServer: Tomcat started on port(s): 8070 (http) with context path ''
 2022-08-04T22:03:51,899 INFO  [restartedMain]  o.s.b.StartupInfoLogger: Started StudentManagementSystemApplication in 5.754 seconds (JVM running for 7.007)
 2022-08-04T22:03:51,997 INFO  [RMI TCP Connection(1)-127.0.0.1]  o.a.j.l.DirectJDKLog: Initializing Spring DispatcherServlet 'dispatcherServlet'
 2022-08-04T22:03:51,998 INFO  [RMI TCP Connection(1)-127.0.0.1]  o.s.w.s.FrameworkServlet: Initializing Servlet 'dispatcherServlet'
 2022-08-04T22:03:51,999 INFO  [RMI TCP Connection(1)-127.0.0.1]  o.s.w.s.FrameworkServlet: Completed initialization in 1 ms
 2022-08-04T22:04:17,239 INFO  [RMI TCP Connection(8)-127.0.0.1]  o.s.b.a.SpringApplicationAdminMXBeanRegistrar$SpringApplicationAdmin: Application shutdown requested.
 2022-08-04T22:04:17,266 INFO  [RMI TCP Connection(8)-127.0.0.1]  o.s.o.j.AbstractEntityManagerFactoryBean: Closing JPA EntityManagerFactory for persistence unit 'default'
 2022-08-04T22:04:17,270 INFO  [RMI TCP Connection(8)-127.0.0.1]  c.z.h.HikariDataSource: HikariPool-1 - Shutdown initiated...
 2022-08-04T22:04:17,279 INFO  [RMI TCP Connection(8)-127.0.0.1]  c.z.h.HikariDataSource: HikariPool-1 - Shutdown completed.
 2022-08-14T17:07:05,064 INFO  [restartedMain]  o.s.b.StartupInfoLogger: Starting StudentManagementSystemApplication using Java 17.0.1 on PS-WIN-LP-211 with PID 31488 (E:\Spring tool\student-management-system\target\classes started by ayush.jajodia in E:\Spring tool\student-management-system)
 2022-08-14T17:07:05,412 DEBUG [restartedMain]  o.s.b.StartupInfoLogger: Running with Spring Boot v2.7.1, Spring v5.3.21
 2022-08-14T17:07:05,421 INFO  [restartedMain]  o.s.b.SpringApplication: No active profile set, falling back to 1 default profile: "default"
 2022-08-14T17:07:05,518 INFO  [restartedMain]  o.s.b.l.DeferredLog: Devtools property defaults active! Set 'spring.devtools.add-properties' to 'false' to disable
 2022-08-14T17:07:05,519 INFO  [restartedMain]  o.s.b.l.DeferredLog: For additional web related logging consider setting the 'logging.level.web' property to 'DEBUG'
 2022-08-14T17:07:10,866 INFO  [restartedMain]  o.s.d.r.c.RepositoryConfigurationDelegate: Bootstrapping Spring Data JPA repositories in DEFAULT mode.
 2022-08-14T17:07:11,557 INFO  [restartedMain]  o.s.d.r.c.RepositoryConfigurationDelegate: Finished Spring Data repository scanning in 674 ms. Found 2 JPA repository interfaces.
 2022-08-14T17:07:13,785 INFO  [restartedMain]  o.s.b.w.e.t.TomcatWebServer: Tomcat initialized with port(s): 8070 (http)
 2022-08-14T17:07:13,828 INFO  [restartedMain]  o.a.j.l.DirectJDKLog: Starting service [Tomcat]
 2022-08-14T17:07:13,829 INFO  [restartedMain]  o.a.j.l.DirectJDKLog: Starting Servlet engine: [Apache Tomcat/9.0.64]
 2022-08-14T17:07:14,889 INFO  [restartedMain]  o.a.j.l.DirectJDKLog: Initializing Spring embedded WebApplicationContext
 2022-08-14T17:07:14,892 INFO  [restartedMain]  o.s.b.w.s.c.ServletWebServerApplicationContext: Root WebApplicationContext: initialization completed in 9373 ms
 2022-08-14T17:07:15,930 INFO  [restartedMain]  o.h.j.i.u.LogHelper: HHH000204: Processing PersistenceUnitInfo [name: default]
 2022-08-14T17:07:16,740 INFO  [restartedMain]  o.h.Version: HHH000412: Hibernate ORM core version 5.6.9.Final
 2022-08-14T17:07:17,881 INFO  [restartedMain]  o.h.a.c.r.j.JavaReflectionManager: HCANN000001: Hibernate Commons Annotations {5.1.2.Final}
 2022-08-14T17:07:18,457 INFO  [restartedMain]  c.z.h.HikariDataSource: HikariPool-1 - Starting...
 2022-08-14T17:07:19,983 ERROR [restartedMain]  c.z.h.p.HikariPool: HikariPool-1 - Exception during pool initialization.
java.sql.SQLException: Access denied for user 'root'@'localhost' (using password: YES)
	at com.mysql.cj.jdbc.exceptions.SQLError.createSQLException(SQLError.java:129)
	at com.mysql.cj.jdbc.exceptions.SQLExceptionsMapping.translateException(SQLExceptionsMapping.java:122)
	at com.mysql.cj.jdbc.ConnectionImpl.createNewIO(ConnectionImpl.java:828)
	at com.mysql.cj.jdbc.ConnectionImpl.<init>(ConnectionImpl.java:448)
	at com.mysql.cj.jdbc.ConnectionImpl.getInstance(ConnectionImpl.java:241)
	at com.mysql.cj.jdbc.NonRegisteringDriver.connect(NonRegisteringDriver.java:198)
	at com.zaxxer.hikari.util.DriverDataSource.getConnection(DriverDataSource.java:138)
	at com.zaxxer.hikari.pool.PoolBase.newConnection(PoolBase.java:364)
	at com.zaxxer.hikari.pool.PoolBase.newPoolEntry(PoolBase.java:206)
	at com.zaxxer.hikari.pool.HikariPool.createPoolEntry(HikariPool.java:476)
	at com.zaxxer.hikari.pool.HikariPool.checkFailFast(HikariPool.java:561)
	at com.zaxxer.hikari.pool.HikariPool.<init>(HikariPool.java:115)
	at com.zaxxer.hikari.HikariDataSource.getConnection(HikariDataSource.java:112)
	at org.hibernate.engine.jdbc.connections.internal.DatasourceConnectionProviderImpl.getConnection(DatasourceConnectionProviderImpl.java:122)
	at org.hibernate.engine.jdbc.env.internal.JdbcEnvironmentInitiator$ConnectionProviderJdbcConnectionAccess.obtainConnection(JdbcEnvironmentInitiator.java:181)
	at org.hibernate.engine.jdbc.env.internal.JdbcEnvironmentInitiator.initiateService(JdbcEnvironmentInitiator.java:68)
	at org.hibernate.engine.jdbc.env.internal.JdbcEnvironmentInitiator.initiateService(JdbcEnvironmentInitiator.java:35)
	at org.hibernate.boot.registry.internal.StandardServiceRegistryImpl.initiateService(StandardServiceRegistryImpl.java:101)
	at org.hibernate.service.internal.AbstractServiceRegistryImpl.createService(AbstractServiceRegistryImpl.java:263)
	at org.hibernate.service.internal.AbstractServiceRegistryImpl.initializeService(AbstractServiceRegistryImpl.java:237)
	at org.hibernate.service.internal.AbstractServiceRegistryImpl.getService(AbstractServiceRegistryImpl.java:214)
	at org.hibernate.id.factory.internal.DefaultIdentifierGeneratorFactory.injectServices(DefaultIdentifierGeneratorFactory.java:175)
	at org.hibernate.service.internal.AbstractServiceRegistryImpl.injectDependencies(AbstractServiceRegistryImpl.java:286)
	at org.hibernate.service.internal.AbstractServiceRegistryImpl.initializeService(AbstractServiceRegistryImpl.java:243)
	at org.hibernate.service.internal.AbstractServiceRegistryImpl.getService(AbstractServiceRegistryImpl.java:214)
	at org.hibernate.boot.internal.InFlightMetadataCollectorImpl.<init>(InFlightMetadataCollectorImpl.java:173)
	at org.hibernate.boot.model.process.spi.MetadataBuildingProcess.complete(MetadataBuildingProcess.java:127)
	at org.hibernate.jpa.boot.internal.EntityManagerFactoryBuilderImpl.metadata(EntityManagerFactoryBuilderImpl.java:1460)
	at org.hibernate.jpa.boot.internal.EntityManagerFactoryBuilderImpl.build(EntityManagerFactoryBuilderImpl.java:1494)
	at org.springframework.orm.jpa.vendor.SpringHibernateJpaPersistenceProvider.createContainerEntityManagerFactory(SpringHibernateJpaPersistenceProvider.java:58)
	at org.springframework.orm.jpa.LocalContainerEntityManagerFactoryBean.createNativeEntityManagerFactory(LocalContainerEntityManagerFactoryBean.java:365)
	at org.springframework.orm.jpa.AbstractEntityManagerFactoryBean.buildNativeEntityManagerFactory(AbstractEntityManagerFactoryBean.java:409)
	at org.springframework.orm.jpa.AbstractEntityManagerFactoryBean.afterPropertiesSet(AbstractEntityManagerFactoryBean.java:396)
	at org.springframework.orm.jpa.LocalContainerEntityManagerFactoryBean.afterPropertiesSet(LocalContainerEntityManagerFactoryBean.java:341)
	at org.springframework.beans.factory.support.AbstractAutowireCapableBeanFactory.invokeInitMethods(AbstractAutowireCapableBeanFactory.java:1863)
	at org.springframework.beans.factory.support.AbstractAutowireCapableBeanFactory.initializeBean(AbstractAutowireCapableBeanFactory.java:1800)
	at org.springframework.beans.factory.support.AbstractAutowireCapableBeanFactory.doCreateBean(AbstractAutowireCapableBeanFactory.java:620)
	at org.springframework.beans.factory.support.AbstractAutowireCapableBeanFactory.createBean(AbstractAutowireCapableBeanFactory.java:542)
	at org.springframework.beans.factory.support.AbstractBeanFactory.lambda$doGetBean$0(AbstractBeanFactory.java:335)
	at org.springframework.beans.factory.support.DefaultSingletonBeanRegistry.getSingleton(DefaultSingletonBeanRegistry.java:234)
	at org.springframework.beans.factory.support.AbstractBeanFactory.doGetBean(AbstractBeanFactory.java:333)
	at org.springframework.beans.factory.support.AbstractBeanFactory.getBean(AbstractBeanFactory.java:208)
	at org.springframework.context.support.AbstractApplicationContext.getBean(AbstractApplicationContext.java:1154)
	at org.springframework.context.support.AbstractApplicationContext.finishBeanFactoryInitialization(AbstractApplicationContext.java:908)
	at org.springframework.context.support.AbstractApplicationContext.refresh(AbstractApplicationContext.java:583)
	at org.springframework.boot.web.servlet.context.ServletWebServerApplicationContext.refresh(ServletWebServerApplicationContext.java:147)
	at org.springframework.boot.SpringApplication.refresh(SpringApplication.java:734)
	at org.springframework.boot.SpringApplication.refreshContext(SpringApplication.java:408)
	at org.springframework.boot.SpringApplication.run(SpringApplication.java:308)
	at org.springframework.boot.SpringApplication.run(SpringApplication.java:1306)
	at org.springframework.boot.SpringApplication.run(SpringApplication.java:1295)
	at com.jajodia.sms.StudentManagementSystemApplication.main(StudentManagementSystemApplication.java:15)
	at java.base/jdk.internal.reflect.NativeMethodAccessorImpl.invoke0(Native Method)
	at java.base/jdk.internal.reflect.NativeMethodAccessorImpl.invoke(NativeMethodAccessorImpl.java:77)
	at java.base/jdk.internal.reflect.DelegatingMethodAccessorImpl.invoke(DelegatingMethodAccessorImpl.java:43)
	at java.base/java.lang.reflect.Method.invoke(Method.java:568)
	at org.springframework.boot.devtools.restart.RestartLauncher.run(RestartLauncher.java:49)
 2022-08-14T17:07:20,056 WARN  [restartedMain]  o.h.e.j.e.i.JdbcEnvironmentInitiator: HHH000342: Could not obtain connection to query metadata
java.sql.SQLException: Access denied for user 'root'@'localhost' (using password: YES)
	at com.mysql.cj.jdbc.exceptions.SQLError.createSQLException(SQLError.java:129)
	at com.mysql.cj.jdbc.exceptions.SQLExceptionsMapping.translateException(SQLExceptionsMapping.java:122)
	at com.mysql.cj.jdbc.ConnectionImpl.createNewIO(ConnectionImpl.java:828)
	at com.mysql.cj.jdbc.ConnectionImpl.<init>(ConnectionImpl.java:448)
	at com.mysql.cj.jdbc.ConnectionImpl.getInstance(ConnectionImpl.java:241)
	at com.mysql.cj.jdbc.NonRegisteringDriver.connect(NonRegisteringDriver.java:198)
	at com.zaxxer.hikari.util.DriverDataSource.getConnection(DriverDataSource.java:138)
	at com.zaxxer.hikari.pool.PoolBase.newConnection(PoolBase.java:364)
	at com.zaxxer.hikari.pool.PoolBase.newPoolEntry(PoolBase.java:206)
	at com.zaxxer.hikari.pool.HikariPool.createPoolEntry(HikariPool.java:476)
	at com.zaxxer.hikari.pool.HikariPool.checkFailFast(HikariPool.java:561)
	at com.zaxxer.hikari.pool.HikariPool.<init>(HikariPool.java:115)
	at com.zaxxer.hikari.HikariDataSource.getConnection(HikariDataSource.java:112)
	at org.hibernate.engine.jdbc.connections.internal.DatasourceConnectionProviderImpl.getConnection(DatasourceConnectionProviderImpl.java:122)
	at org.hibernate.engine.jdbc.env.internal.JdbcEnvironmentInitiator$ConnectionProviderJdbcConnectionAccess.obtainConnection(JdbcEnvironmentInitiator.java:181)
	at org.hibernate.engine.jdbc.env.internal.JdbcEnvironmentInitiator.initiateService(JdbcEnvironmentInitiator.java:68)
	at org.hibernate.engine.jdbc.env.internal.JdbcEnvironmentInitiator.initiateService(JdbcEnvironmentInitiator.java:35)
	at org.hibernate.boot.registry.internal.StandardServiceRegistryImpl.initiateService(StandardServiceRegistryImpl.java:101)
	at org.hibernate.service.internal.AbstractServiceRegistryImpl.createService(AbstractServiceRegistryImpl.java:263)
	at org.hibernate.service.internal.AbstractServiceRegistryImpl.initializeService(AbstractServiceRegistryImpl.java:237)
	at org.hibernate.service.internal.AbstractServiceRegistryImpl.getService(AbstractServiceRegistryImpl.java:214)
	at org.hibernate.id.factory.internal.DefaultIdentifierGeneratorFactory.injectServices(DefaultIdentifierGeneratorFactory.java:175)
	at org.hibernate.service.internal.AbstractServiceRegistryImpl.injectDependencies(AbstractServiceRegistryImpl.java:286)
	at org.hibernate.service.internal.AbstractServiceRegistryImpl.initializeService(AbstractServiceRegistryImpl.java:243)
	at org.hibernate.service.internal.AbstractServiceRegistryImpl.getService(AbstractServiceRegistryImpl.java:214)
	at org.hibernate.boot.internal.InFlightMetadataCollectorImpl.<init>(InFlightMetadataCollectorImpl.java:173)
	at org.hibernate.boot.model.process.spi.MetadataBuildingProcess.complete(MetadataBuildingProcess.java:127)
	at org.hibernate.jpa.boot.internal.EntityManagerFactoryBuilderImpl.metadata(EntityManagerFactoryBuilderImpl.java:1460)
	at org.hibernate.jpa.boot.internal.EntityManagerFactoryBuilderImpl.build(EntityManagerFactoryBuilderImpl.java:1494)
	at org.springframework.orm.jpa.vendor.SpringHibernateJpaPersistenceProvider.createContainerEntityManagerFactory(SpringHibernateJpaPersistenceProvider.java:58)
	at org.springframework.orm.jpa.LocalContainerEntityManagerFactoryBean.createNativeEntityManagerFactory(LocalContainerEntityManagerFactoryBean.java:365)
	at org.springframework.orm.jpa.AbstractEntityManagerFactoryBean.buildNativeEntityManagerFactory(AbstractEntityManagerFactoryBean.java:409)
	at org.springframework.orm.jpa.AbstractEntityManagerFactoryBean.afterPropertiesSet(AbstractEntityManagerFactoryBean.java:396)
	at org.springframework.orm.jpa.LocalContainerEntityManagerFactoryBean.afterPropertiesSet(LocalContainerEntityManagerFactoryBean.java:341)
	at org.springframework.beans.factory.support.AbstractAutowireCapableBeanFactory.invokeInitMethods(AbstractAutowireCapableBeanFactory.java:1863)
	at org.springframework.beans.factory.support.AbstractAutowireCapableBeanFactory.initializeBean(AbstractAutowireCapableBeanFactory.java:1800)
	at org.springframework.beans.factory.support.AbstractAutowireCapableBeanFactory.doCreateBean(AbstractAutowireCapableBeanFactory.java:620)
	at org.springframework.beans.factory.support.AbstractAutowireCapableBeanFactory.createBean(AbstractAutowireCapableBeanFactory.java:542)
	at org.springframework.beans.factory.support.AbstractBeanFactory.lambda$doGetBean$0(AbstractBeanFactory.java:335)
	at org.springframework.beans.factory.support.DefaultSingletonBeanRegistry.getSingleton(DefaultSingletonBeanRegistry.java:234)
	at org.springframework.beans.factory.support.AbstractBeanFactory.doGetBean(AbstractBeanFactory.java:333)
	at org.springframework.beans.factory.support.AbstractBeanFactory.getBean(AbstractBeanFactory.java:208)
	at org.springframework.context.support.AbstractApplicationContext.getBean(AbstractApplicationContext.java:1154)
	at org.springframework.context.support.AbstractApplicationContext.finishBeanFactoryInitialization(AbstractApplicationContext.java:908)
	at org.springframework.context.support.AbstractApplicationContext.refresh(AbstractApplicationContext.java:583)
	at org.springframework.boot.web.servlet.context.ServletWebServerApplicationContext.refresh(ServletWebServerApplicationContext.java:147)
	at org.springframework.boot.SpringApplication.refresh(SpringApplication.java:734)
	at org.springframework.boot.SpringApplication.refreshContext(SpringApplication.java:408)
	at org.springframework.boot.SpringApplication.run(SpringApplication.java:308)
	at org.springframework.boot.SpringApplication.run(SpringApplication.java:1306)
	at org.springframework.boot.SpringApplication.run(SpringApplication.java:1295)
	at com.jajodia.sms.StudentManagementSystemApplication.main(StudentManagementSystemApplication.java:15)
	at java.base/jdk.internal.reflect.NativeMethodAccessorImpl.invoke0(Native Method)
	at java.base/jdk.internal.reflect.NativeMethodAccessorImpl.invoke(NativeMethodAccessorImpl.java:77)
	at java.base/jdk.internal.reflect.DelegatingMethodAccessorImpl.invoke(DelegatingMethodAccessorImpl.java:43)
	at java.base/java.lang.reflect.Method.invoke(Method.java:568)
	at org.springframework.boot.devtools.restart.RestartLauncher.run(RestartLauncher.java:49)
 2022-08-14T17:07:20,123 ERROR [restartedMain]  o.s.o.j.AbstractEntityManagerFactoryBean: Failed to initialize JPA EntityManagerFactory: Unable to create requested service [org.hibernate.engine.jdbc.env.spi.JdbcEnvironment]
 2022-08-14T17:07:20,127 WARN  [restartedMain]  o.s.c.s.AbstractApplicationContext: Exception encountered during context initialization - cancelling refresh attempt: org.springframework.beans.factory.BeanCreationException: Error creating bean with name 'entityManagerFactory' defined in class path resource [org/springframework/boot/autoconfigure/orm/jpa/HibernateJpaConfiguration.class]: Invocation of init method failed; nested exception is org.hibernate.service.spi.ServiceException: Unable to create requested service [org.hibernate.engine.jdbc.env.spi.JdbcEnvironment]
 2022-08-14T17:07:20,137 INFO  [restartedMain]  o.a.j.l.DirectJDKLog: Stopping service [Tomcat]
 2022-08-14T17:07:20,179 INFO  [restartedMain]  o.s.b.a.l.ConditionEvaluationReportLoggingListener: 

Error starting ApplicationContext. To display the conditions report re-run your application with 'debug' enabled.
 2022-08-14T17:07:20,245 ERROR [restartedMain]  o.s.b.SpringApplication: Application run failed
org.springframework.beans.factory.BeanCreationException: Error creating bean with name 'entityManagerFactory' defined in class path resource [org/springframework/boot/autoconfigure/orm/jpa/HibernateJpaConfiguration.class]: Invocation of init method failed; nested exception is org.hibernate.service.spi.ServiceException: Unable to create requested service [org.hibernate.engine.jdbc.env.spi.JdbcEnvironment]
	at org.springframework.beans.factory.support.AbstractAutowireCapableBeanFactory.initializeBean(AbstractAutowireCapableBeanFactory.java:1804)
	at org.springframework.beans.factory.support.AbstractAutowireCapableBeanFactory.doCreateBean(AbstractAutowireCapableBeanFactory.java:620)
	at org.springframework.beans.factory.support.AbstractAutowireCapableBeanFactory.createBean(AbstractAutowireCapableBeanFactory.java:542)
	at org.springframework.beans.factory.support.AbstractBeanFactory.lambda$doGetBean$0(AbstractBeanFactory.java:335)
	at org.springframework.beans.factory.support.DefaultSingletonBeanRegistry.getSingleton(DefaultSingletonBeanRegistry.java:234)
	at org.springframework.beans.factory.support.AbstractBeanFactory.doGetBean(AbstractBeanFactory.java:333)
	at org.springframework.beans.factory.support.AbstractBeanFactory.getBean(AbstractBeanFactory.java:208)
	at org.springframework.context.support.AbstractApplicationContext.getBean(AbstractApplicationContext.java:1154)
	at org.springframework.context.support.AbstractApplicationContext.finishBeanFactoryInitialization(AbstractApplicationContext.java:908)
	at org.springframework.context.support.AbstractApplicationContext.refresh(AbstractApplicationContext.java:583)
	at org.springframework.boot.web.servlet.context.ServletWebServerApplicationContext.refresh(ServletWebServerApplicationContext.java:147)
	at org.springframework.boot.SpringApplication.refresh(SpringApplication.java:734)
	at org.springframework.boot.SpringApplication.refreshContext(SpringApplication.java:408)
	at org.springframework.boot.SpringApplication.run(SpringApplication.java:308)
	at org.springframework.boot.SpringApplication.run(SpringApplication.java:1306)
	at org.springframework.boot.SpringApplication.run(SpringApplication.java:1295)
	at com.jajodia.sms.StudentManagementSystemApplication.main(StudentManagementSystemApplication.java:15)
	at java.base/jdk.internal.reflect.NativeMethodAccessorImpl.invoke0(Native Method)
	at java.base/jdk.internal.reflect.NativeMethodAccessorImpl.invoke(NativeMethodAccessorImpl.java:77)
	at java.base/jdk.internal.reflect.DelegatingMethodAccessorImpl.invoke(DelegatingMethodAccessorImpl.java:43)
	at java.base/java.lang.reflect.Method.invoke(Method.java:568)
	at org.springframework.boot.devtools.restart.RestartLauncher.run(RestartLauncher.java:49)
Caused by: org.hibernate.service.spi.ServiceException: Unable to create requested service [org.hibernate.engine.jdbc.env.spi.JdbcEnvironment]
	at org.hibernate.service.internal.AbstractServiceRegistryImpl.createService(AbstractServiceRegistryImpl.java:275)
	at org.hibernate.service.internal.AbstractServiceRegistryImpl.initializeService(AbstractServiceRegistryImpl.java:237)
	at org.hibernate.service.internal.AbstractServiceRegistryImpl.getService(AbstractServiceRegistryImpl.java:214)
	at org.hibernate.id.factory.internal.DefaultIdentifierGeneratorFactory.injectServices(DefaultIdentifierGeneratorFactory.java:175)
	at org.hibernate.service.internal.AbstractServiceRegistryImpl.injectDependencies(AbstractServiceRegistryImpl.java:286)
	at org.hibernate.service.internal.AbstractServiceRegistryImpl.initializeService(AbstractServiceRegistryImpl.java:243)
	at org.hibernate.service.internal.AbstractServiceRegistryImpl.getService(AbstractServiceRegistryImpl.java:214)
	at org.hibernate.boot.internal.InFlightMetadataCollectorImpl.<init>(InFlightMetadataCollectorImpl.java:173)
	at org.hibernate.boot.model.process.spi.MetadataBuildingProcess.complete(MetadataBuildingProcess.java:127)
	at org.hibernate.jpa.boot.internal.EntityManagerFactoryBuilderImpl.metadata(EntityManagerFactoryBuilderImpl.java:1460)
	at org.hibernate.jpa.boot.internal.EntityManagerFactoryBuilderImpl.build(EntityManagerFactoryBuilderImpl.java:1494)
	at org.springframework.orm.jpa.vendor.SpringHibernateJpaPersistenceProvider.createContainerEntityManagerFactory(SpringHibernateJpaPersistenceProvider.java:58)
	at org.springframework.orm.jpa.LocalContainerEntityManagerFactoryBean.createNativeEntityManagerFactory(LocalContainerEntityManagerFactoryBean.java:365)
	at org.springframework.orm.jpa.AbstractEntityManagerFactoryBean.buildNativeEntityManagerFactory(AbstractEntityManagerFactoryBean.java:409)
	at org.springframework.orm.jpa.AbstractEntityManagerFactoryBean.afterPropertiesSet(AbstractEntityManagerFactoryBean.java:396)
	at org.springframework.orm.jpa.LocalContainerEntityManagerFactoryBean.afterPropertiesSet(LocalContainerEntityManagerFactoryBean.java:341)
	at org.springframework.beans.factory.support.AbstractAutowireCapableBeanFactory.invokeInitMethods(AbstractAutowireCapableBeanFactory.java:1863)
	at org.springframework.beans.factory.support.AbstractAutowireCapableBeanFactory.initializeBean(AbstractAutowireCapableBeanFactory.java:1800)
	... 21 more
Caused by: org.hibernate.HibernateException: Access to DialectResolutionInfo cannot be null when 'hibernate.dialect' not set
	at org.hibernate.engine.jdbc.dialect.internal.DialectFactoryImpl.determineDialect(DialectFactoryImpl.java:100)
	at org.hibernate.engine.jdbc.dialect.internal.DialectFactoryImpl.buildDialect(DialectFactoryImpl.java:54)
	at org.hibernate.engine.jdbc.env.internal.JdbcEnvironmentInitiator.initiateService(JdbcEnvironmentInitiator.java:138)
	at org.hibernate.engine.jdbc.env.internal.JdbcEnvironmentInitiator.initiateService(JdbcEnvironmentInitiator.java:35)
	at org.hibernate.boot.registry.internal.StandardServiceRegistryImpl.initiateService(StandardServiceRegistryImpl.java:101)
	at org.hibernate.service.internal.AbstractServiceRegistryImpl.createService(AbstractServiceRegistryImpl.java:263)
	... 38 more
 2022-08-14T17:08:21,499 INFO  [restartedMain]  o.s.b.StartupInfoLogger: Starting StudentManagementSystemApplication using Java 17.0.1 on PS-WIN-LP-211 with PID 29784 (E:\Spring tool\student-management-system\target\classes started by ayush.jajodia in E:\Spring tool\student-management-system)
 2022-08-14T17:08:21,510 DEBUG [restartedMain]  o.s.b.StartupInfoLogger: Running with Spring Boot v2.7.1, Spring v5.3.21
 2022-08-14T17:08:21,511 INFO  [restartedMain]  o.s.b.SpringApplication: No active profile set, falling back to 1 default profile: "default"
 2022-08-14T17:08:21,588 INFO  [restartedMain]  o.s.b.l.DeferredLog: Devtools property defaults active! Set 'spring.devtools.add-properties' to 'false' to disable
 2022-08-14T17:08:21,589 INFO  [restartedMain]  o.s.b.l.DeferredLog: For additional web related logging consider setting the 'logging.level.web' property to 'DEBUG'
 2022-08-14T17:08:22,692 INFO  [restartedMain]  o.s.d.r.c.RepositoryConfigurationDelegate: Bootstrapping Spring Data JPA repositories in DEFAULT mode.
 2022-08-14T17:08:22,770 INFO  [restartedMain]  o.s.d.r.c.RepositoryConfigurationDelegate: Finished Spring Data repository scanning in 69 ms. Found 2 JPA repository interfaces.
 2022-08-14T17:08:23,506 INFO  [restartedMain]  o.s.b.w.e.t.TomcatWebServer: Tomcat initialized with port(s): 8070 (http)
 2022-08-14T17:08:23,524 INFO  [restartedMain]  o.a.j.l.DirectJDKLog: Starting service [Tomcat]
 2022-08-14T17:08:23,525 INFO  [restartedMain]  o.a.j.l.DirectJDKLog: Starting Servlet engine: [Apache Tomcat/9.0.64]
 2022-08-14T17:08:23,725 INFO  [restartedMain]  o.a.j.l.DirectJDKLog: Initializing Spring embedded WebApplicationContext
 2022-08-14T17:08:23,725 INFO  [restartedMain]  o.s.b.w.s.c.ServletWebServerApplicationContext: Root WebApplicationContext: initialization completed in 2135 ms
 2022-08-14T17:08:24,043 INFO  [restartedMain]  o.h.j.i.u.LogHelper: HHH000204: Processing PersistenceUnitInfo [name: default]
 2022-08-14T17:08:24,113 INFO  [restartedMain]  o.h.Version: HHH000412: Hibernate ORM core version 5.6.9.Final
 2022-08-14T17:08:24,495 INFO  [restartedMain]  o.h.a.c.r.j.JavaReflectionManager: HCANN000001: Hibernate Commons Annotations {5.1.2.Final}
 2022-08-14T17:08:24,683 INFO  [restartedMain]  c.z.h.HikariDataSource: HikariPool-1 - Starting...
 2022-08-14T17:08:25,108 INFO  [restartedMain]  c.z.h.HikariDataSource: HikariPool-1 - Start completed.
 2022-08-14T17:08:25,278 INFO  [restartedMain]  o.h.d.Dialect: HHH000400: Using dialect: org.hibernate.dialect.MySQL8Dialect
 2022-08-14T17:08:34,394 INFO  [restartedMain]  o.h.e.t.j.p.i.JtaPlatformInitiator: HHH000490: Using JtaPlatform implementation: [org.hibernate.engine.transaction.jta.platform.internal.NoJtaPlatform]
 2022-08-14T17:08:34,425 INFO  [restartedMain]  o.s.o.j.AbstractEntityManagerFactoryBean: Initialized JPA EntityManagerFactory for persistence unit 'default'
 2022-08-14T17:08:35,422 WARN  [restartedMain]  o.s.b.a.o.j.JpaBaseConfiguration$JpaWebConfiguration: spring.jpa.open-in-view is enabled by default. Therefore, database queries may be performed during view rendering. Explicitly configure spring.jpa.open-in-view to disable this warning
 2022-08-14T17:08:36,034 INFO  [restartedMain]  o.s.b.d.a.OptionalLiveReloadServer: LiveReload server is running on port 35729
 2022-08-14T17:08:36,040 INFO  [restartedMain]  o.s.b.a.e.w.EndpointLinksResolver: Exposing 1 endpoint(s) beneath base path '/actuator'
 2022-08-14T17:08:36,149 INFO  [restartedMain]  o.s.b.w.e.t.TomcatWebServer: Tomcat started on port(s): 8070 (http) with context path ''
 2022-08-14T17:08:36,172 INFO  [restartedMain]  o.s.b.StartupInfoLogger: Started StudentManagementSystemApplication in 15.254 seconds (JVM running for 16.598)
 2022-08-14T17:08:37,782 INFO  [RMI TCP Connection(1)-127.0.0.1]  o.a.j.l.DirectJDKLog: Initializing Spring DispatcherServlet 'dispatcherServlet'
 2022-08-14T17:08:37,783 INFO  [RMI TCP Connection(1)-127.0.0.1]  o.s.w.s.FrameworkServlet: Initializing Servlet 'dispatcherServlet'
 2022-08-14T17:08:37,785 INFO  [RMI TCP Connection(1)-127.0.0.1]  o.s.w.s.FrameworkServlet: Completed initialization in 2 ms
 2022-08-14T17:08:55,199 INFO  [http-nio-8070-exec-1]  c.j.s.c.StudentController: inside Student Controller: fetchAllStudents() method
 2022-08-14T17:08:55,200 INFO  [http-nio-8070-exec-1]  c.j.s.c.StudentController: fetching all enrolled students 
 2022-08-14T17:09:03,565 INFO  [http-nio-8070-exec-3]  c.j.s.c.StudentController: inside Student Controller: addStudent() GET method
 2022-08-14T17:09:03,565 INFO  [http-nio-8070-exec-3]  c.j.s.c.StudentController: redirecting to create_student.html page
 2022-08-14T17:09:17,941 INFO  [http-nio-8070-exec-4]  c.j.s.c.StudentController: inside Student Controller: addStudent() POST method
 2022-08-14T17:09:18,532 INFO  [http-nio-8070-exec-4]  c.j.s.c.StudentController: student saved successfully
 2022-08-14T17:09:18,533 INFO  [http-nio-8070-exec-4]  c.j.s.c.StudentController: redirecting to allStudents Page
 2022-08-14T17:09:18,571 INFO  [http-nio-8070-exec-5]  c.j.s.c.StudentController: inside Student Controller: fetchAllStudents() method
 2022-08-14T17:09:18,573 INFO  [http-nio-8070-exec-5]  c.j.s.c.StudentController: fetching all enrolled students 
 2022-08-14T17:09:56,491 WARN  [http-nio-8070-exec-8]  o.s.w.s.h.AbstractHandlerExceptionResolver: Resolved [org.springframework.web.method.annotation.MethodArgumentTypeMismatchException: Failed to convert value of type 'java.lang.String' to required type 'int'; nested exception is java.lang.NumberFormatException: For input string: "allStudents"]
 2022-08-14T17:10:00,082 INFO  [http-nio-8070-exec-1]  c.j.s.c.StudentController: inside Student Controller: fetchAllStudents() method
 2022-08-14T17:10:00,083 INFO  [http-nio-8070-exec-1]  c.j.s.c.StudentController: fetching all enrolled students 
 2022-08-14T17:10:07,944 INFO  [http-nio-8070-exec-2]  c.j.s.c.StudentController: inside Student Controller: fetchAllStudents() method
 2022-08-14T17:10:07,944 INFO  [http-nio-8070-exec-2]  c.j.s.c.StudentController: fetching all enrolled students 
 2022-08-14T17:10:10,541 INFO  [http-nio-8070-exec-3]  c.j.s.c.StudentController: inside Student Controller: fetchAllStudents() method
 2022-08-14T17:10:10,541 INFO  [http-nio-8070-exec-3]  c.j.s.c.StudentController: fetching all enrolled students 
 2022-08-14T17:10:11,677 INFO  [http-nio-8070-exec-4]  c.j.s.c.StudentController: inside Student Controller: fetchAllStudents() method
 2022-08-14T17:10:11,677 INFO  [http-nio-8070-exec-4]  c.j.s.c.StudentController: fetching all enrolled students 
 2022-08-14T17:10:28,464 WARN  [http-nio-8070-exec-6]  o.s.w.s.h.AbstractHandlerExceptionResolver: Resolved [org.springframework.web.method.annotation.MethodArgumentTypeMismatchException: Failed to convert value of type 'java.lang.String' to required type 'int'; nested exception is java.lang.NumberFormatException: For input string: "allStudents"]
 2022-08-14T17:10:30,766 INFO  [http-nio-8070-exec-9]  c.j.s.c.StudentController: inside Student Controller: fetchAllStudents() method
 2022-08-14T17:10:30,767 INFO  [http-nio-8070-exec-9]  c.j.s.c.StudentController: fetching all enrolled students 
 2022-08-14T17:10:32,967 INFO  [http-nio-8070-exec-10]  c.j.s.c.StudentController: inside Student Controller: fetchAllStudents() method
 2022-08-14T17:10:32,968 INFO  [http-nio-8070-exec-10]  c.j.s.c.StudentController: fetching all enrolled students 
 2022-11-13T17:46:45,548 INFO  [restartedMain]  o.s.b.StartupInfoLogger: Starting StudentManagementSystemApplication using Java 17.0.3 on PS-WIN-LP-211 with PID 11864 (E:\Git Uploads\SMS\student-management-system\target\classes started by ayush.jajodia in E:\Git Uploads\SMS\student-management-system)
 2022-11-13T17:46:45,569 DEBUG [restartedMain]  o.s.b.StartupInfoLogger: Running with Spring Boot v2.7.1, Spring v5.3.21
 2022-11-13T17:46:45,572 INFO  [restartedMain]  o.s.b.SpringApplication: No active profile set, falling back to 1 default profile: "default"
 2022-11-13T17:46:45,753 INFO  [restartedMain]  o.s.b.l.DeferredLog: Devtools property defaults active! Set 'spring.devtools.add-properties' to 'false' to disable
 2022-11-13T17:46:45,755 INFO  [restartedMain]  o.s.b.l.DeferredLog: For additional web related logging consider setting the 'logging.level.web' property to 'DEBUG'
 2022-11-13T17:46:48,248 INFO  [restartedMain]  o.s.d.r.c.RepositoryConfigurationDelegate: Bootstrapping Spring Data JPA repositories in DEFAULT mode.
 2022-11-13T17:46:48,437 INFO  [restartedMain]  o.s.d.r.c.RepositoryConfigurationDelegate: Finished Spring Data repository scanning in 164 ms. Found 2 JPA repository interfaces.
 2022-11-13T17:46:50,725 INFO  [restartedMain]  o.s.b.w.e.t.TomcatWebServer: Tomcat initialized with port(s): 8070 (http)
 2022-11-13T17:46:50,788 INFO  [restartedMain]  o.a.j.l.DirectJDKLog: Starting service [Tomcat]
 2022-11-13T17:46:50,790 INFO  [restartedMain]  o.a.j.l.DirectJDKLog: Starting Servlet engine: [Apache Tomcat/9.0.64]
 2022-11-13T17:46:51,212 INFO  [restartedMain]  o.a.j.l.DirectJDKLog: Initializing Spring embedded WebApplicationContext
 2022-11-13T17:46:51,213 INFO  [restartedMain]  o.s.b.w.s.c.ServletWebServerApplicationContext: Root WebApplicationContext: initialization completed in 5456 ms
 2022-11-13T17:46:51,984 INFO  [restartedMain]  o.h.j.i.u.LogHelper: HHH000204: Processing PersistenceUnitInfo [name: default]
 2022-11-13T17:46:52,163 INFO  [restartedMain]  o.h.Version: HHH000412: Hibernate ORM core version 5.6.9.Final
 2022-11-13T17:46:52,788 INFO  [restartedMain]  o.h.a.c.r.j.JavaReflectionManager: HCANN000001: Hibernate Commons Annotations {5.1.2.Final}
 2022-11-13T17:46:53,156 INFO  [restartedMain]  c.z.h.HikariDataSource: HikariPool-1 - Starting...
 2022-11-13T17:46:55,183 ERROR [restartedMain]  c.z.h.p.HikariPool: HikariPool-1 - Exception during pool initialization.
java.sql.SQLSyntaxErrorException: Unknown database 'sms'
	at com.mysql.cj.jdbc.exceptions.SQLError.createSQLException(SQLError.java:120)
	at com.mysql.cj.jdbc.exceptions.SQLExceptionsMapping.translateException(SQLExceptionsMapping.java:122)
	at com.mysql.cj.jdbc.ConnectionImpl.createNewIO(ConnectionImpl.java:828)
	at com.mysql.cj.jdbc.ConnectionImpl.<init>(ConnectionImpl.java:448)
	at com.mysql.cj.jdbc.ConnectionImpl.getInstance(ConnectionImpl.java:241)
	at com.mysql.cj.jdbc.NonRegisteringDriver.connect(NonRegisteringDriver.java:198)
	at com.zaxxer.hikari.util.DriverDataSource.getConnection(DriverDataSource.java:138)
	at com.zaxxer.hikari.pool.PoolBase.newConnection(PoolBase.java:364)
	at com.zaxxer.hikari.pool.PoolBase.newPoolEntry(PoolBase.java:206)
	at com.zaxxer.hikari.pool.HikariPool.createPoolEntry(HikariPool.java:476)
	at com.zaxxer.hikari.pool.HikariPool.checkFailFast(HikariPool.java:561)
	at com.zaxxer.hikari.pool.HikariPool.<init>(HikariPool.java:115)
	at com.zaxxer.hikari.HikariDataSource.getConnection(HikariDataSource.java:112)
	at org.hibernate.engine.jdbc.connections.internal.DatasourceConnectionProviderImpl.getConnection(DatasourceConnectionProviderImpl.java:122)
	at org.hibernate.engine.jdbc.env.internal.JdbcEnvironmentInitiator$ConnectionProviderJdbcConnectionAccess.obtainConnection(JdbcEnvironmentInitiator.java:181)
	at org.hibernate.engine.jdbc.env.internal.JdbcEnvironmentInitiator.initiateService(JdbcEnvironmentInitiator.java:68)
	at org.hibernate.engine.jdbc.env.internal.JdbcEnvironmentInitiator.initiateService(JdbcEnvironmentInitiator.java:35)
	at org.hibernate.boot.registry.internal.StandardServiceRegistryImpl.initiateService(StandardServiceRegistryImpl.java:101)
	at org.hibernate.service.internal.AbstractServiceRegistryImpl.createService(AbstractServiceRegistryImpl.java:263)
	at org.hibernate.service.internal.AbstractServiceRegistryImpl.initializeService(AbstractServiceRegistryImpl.java:237)
	at org.hibernate.service.internal.AbstractServiceRegistryImpl.getService(AbstractServiceRegistryImpl.java:214)
	at org.hibernate.id.factory.internal.DefaultIdentifierGeneratorFactory.injectServices(DefaultIdentifierGeneratorFactory.java:175)
	at org.hibernate.service.internal.AbstractServiceRegistryImpl.injectDependencies(AbstractServiceRegistryImpl.java:286)
	at org.hibernate.service.internal.AbstractServiceRegistryImpl.initializeService(AbstractServiceRegistryImpl.java:243)
	at org.hibernate.service.internal.AbstractServiceRegistryImpl.getService(AbstractServiceRegistryImpl.java:214)
	at org.hibernate.boot.internal.InFlightMetadataCollectorImpl.<init>(InFlightMetadataCollectorImpl.java:173)
	at org.hibernate.boot.model.process.spi.MetadataBuildingProcess.complete(MetadataBuildingProcess.java:127)
	at org.hibernate.jpa.boot.internal.EntityManagerFactoryBuilderImpl.metadata(EntityManagerFactoryBuilderImpl.java:1460)
	at org.hibernate.jpa.boot.internal.EntityManagerFactoryBuilderImpl.build(EntityManagerFactoryBuilderImpl.java:1494)
	at org.springframework.orm.jpa.vendor.SpringHibernateJpaPersistenceProvider.createContainerEntityManagerFactory(SpringHibernateJpaPersistenceProvider.java:58)
	at org.springframework.orm.jpa.LocalContainerEntityManagerFactoryBean.createNativeEntityManagerFactory(LocalContainerEntityManagerFactoryBean.java:365)
	at org.springframework.orm.jpa.AbstractEntityManagerFactoryBean.buildNativeEntityManagerFactory(AbstractEntityManagerFactoryBean.java:409)
	at org.springframework.orm.jpa.AbstractEntityManagerFactoryBean.afterPropertiesSet(AbstractEntityManagerFactoryBean.java:396)
	at org.springframework.orm.jpa.LocalContainerEntityManagerFactoryBean.afterPropertiesSet(LocalContainerEntityManagerFactoryBean.java:341)
	at org.springframework.beans.factory.support.AbstractAutowireCapableBeanFactory.invokeInitMethods(AbstractAutowireCapableBeanFactory.java:1863)
	at org.springframework.beans.factory.support.AbstractAutowireCapableBeanFactory.initializeBean(AbstractAutowireCapableBeanFactory.java:1800)
	at org.springframework.beans.factory.support.AbstractAutowireCapableBeanFactory.doCreateBean(AbstractAutowireCapableBeanFactory.java:620)
	at org.springframework.beans.factory.support.AbstractAutowireCapableBeanFactory.createBean(AbstractAutowireCapableBeanFactory.java:542)
	at org.springframework.beans.factory.support.AbstractBeanFactory.lambda$doGetBean$0(AbstractBeanFactory.java:335)
	at org.springframework.beans.factory.support.DefaultSingletonBeanRegistry.getSingleton(DefaultSingletonBeanRegistry.java:234)
	at org.springframework.beans.factory.support.AbstractBeanFactory.doGetBean(AbstractBeanFactory.java:333)
	at org.springframework.beans.factory.support.AbstractBeanFactory.getBean(AbstractBeanFactory.java:208)
	at org.springframework.context.support.AbstractApplicationContext.getBean(AbstractApplicationContext.java:1154)
	at org.springframework.context.support.AbstractApplicationContext.finishBeanFactoryInitialization(AbstractApplicationContext.java:908)
	at org.springframework.context.support.AbstractApplicationContext.refresh(AbstractApplicationContext.java:583)
	at org.springframework.boot.web.servlet.context.ServletWebServerApplicationContext.refresh(ServletWebServerApplicationContext.java:147)
	at org.springframework.boot.SpringApplication.refresh(SpringApplication.java:734)
	at org.springframework.boot.SpringApplication.refreshContext(SpringApplication.java:408)
	at org.springframework.boot.SpringApplication.run(SpringApplication.java:308)
	at org.springframework.boot.SpringApplication.run(SpringApplication.java:1306)
	at org.springframework.boot.SpringApplication.run(SpringApplication.java:1295)
	at com.jajodia.sms.StudentManagementSystemApplication.main(StudentManagementSystemApplication.java:15)
	at java.base/jdk.internal.reflect.NativeMethodAccessorImpl.invoke0(Native Method)
	at java.base/jdk.internal.reflect.NativeMethodAccessorImpl.invoke(NativeMethodAccessorImpl.java:77)
	at java.base/jdk.internal.reflect.DelegatingMethodAccessorImpl.invoke(DelegatingMethodAccessorImpl.java:43)
	at java.base/java.lang.reflect.Method.invoke(Method.java:568)
	at org.springframework.boot.devtools.restart.RestartLauncher.run(RestartLauncher.java:49)
 2022-11-13T17:46:55,200 WARN  [restartedMain]  o.h.e.j.e.i.JdbcEnvironmentInitiator: HHH000342: Could not obtain connection to query metadata
java.sql.SQLSyntaxErrorException: Unknown database 'sms'
	at com.mysql.cj.jdbc.exceptions.SQLError.createSQLException(SQLError.java:120)
	at com.mysql.cj.jdbc.exceptions.SQLExceptionsMapping.translateException(SQLExceptionsMapping.java:122)
	at com.mysql.cj.jdbc.ConnectionImpl.createNewIO(ConnectionImpl.java:828)
	at com.mysql.cj.jdbc.ConnectionImpl.<init>(ConnectionImpl.java:448)
	at com.mysql.cj.jdbc.ConnectionImpl.getInstance(ConnectionImpl.java:241)
	at com.mysql.cj.jdbc.NonRegisteringDriver.connect(NonRegisteringDriver.java:198)
	at com.zaxxer.hikari.util.DriverDataSource.getConnection(DriverDataSource.java:138)
	at com.zaxxer.hikari.pool.PoolBase.newConnection(PoolBase.java:364)
	at com.zaxxer.hikari.pool.PoolBase.newPoolEntry(PoolBase.java:206)
	at com.zaxxer.hikari.pool.HikariPool.createPoolEntry(HikariPool.java:476)
	at com.zaxxer.hikari.pool.HikariPool.checkFailFast(HikariPool.java:561)
	at com.zaxxer.hikari.pool.HikariPool.<init>(HikariPool.java:115)
	at com.zaxxer.hikari.HikariDataSource.getConnection(HikariDataSource.java:112)
	at org.hibernate.engine.jdbc.connections.internal.DatasourceConnectionProviderImpl.getConnection(DatasourceConnectionProviderImpl.java:122)
	at org.hibernate.engine.jdbc.env.internal.JdbcEnvironmentInitiator$ConnectionProviderJdbcConnectionAccess.obtainConnection(JdbcEnvironmentInitiator.java:181)
	at org.hibernate.engine.jdbc.env.internal.JdbcEnvironmentInitiator.initiateService(JdbcEnvironmentInitiator.java:68)
	at org.hibernate.engine.jdbc.env.internal.JdbcEnvironmentInitiator.initiateService(JdbcEnvironmentInitiator.java:35)
	at org.hibernate.boot.registry.internal.StandardServiceRegistryImpl.initiateService(StandardServiceRegistryImpl.java:101)
	at org.hibernate.service.internal.AbstractServiceRegistryImpl.createService(AbstractServiceRegistryImpl.java:263)
	at org.hibernate.service.internal.AbstractServiceRegistryImpl.initializeService(AbstractServiceRegistryImpl.java:237)
	at org.hibernate.service.internal.AbstractServiceRegistryImpl.getService(AbstractServiceRegistryImpl.java:214)
	at org.hibernate.id.factory.internal.DefaultIdentifierGeneratorFactory.injectServices(DefaultIdentifierGeneratorFactory.java:175)
	at org.hibernate.service.internal.AbstractServiceRegistryImpl.injectDependencies(AbstractServiceRegistryImpl.java:286)
	at org.hibernate.service.internal.AbstractServiceRegistryImpl.initializeService(AbstractServiceRegistryImpl.java:243)
	at org.hibernate.service.internal.AbstractServiceRegistryImpl.getService(AbstractServiceRegistryImpl.java:214)
	at org.hibernate.boot.internal.InFlightMetadataCollectorImpl.<init>(InFlightMetadataCollectorImpl.java:173)
	at org.hibernate.boot.model.process.spi.MetadataBuildingProcess.complete(MetadataBuildingProcess.java:127)
	at org.hibernate.jpa.boot.internal.EntityManagerFactoryBuilderImpl.metadata(EntityManagerFactoryBuilderImpl.java:1460)
	at org.hibernate.jpa.boot.internal.EntityManagerFactoryBuilderImpl.build(EntityManagerFactoryBuilderImpl.java:1494)
	at org.springframework.orm.jpa.vendor.SpringHibernateJpaPersistenceProvider.createContainerEntityManagerFactory(SpringHibernateJpaPersistenceProvider.java:58)
	at org.springframework.orm.jpa.LocalContainerEntityManagerFactoryBean.createNativeEntityManagerFactory(LocalContainerEntityManagerFactoryBean.java:365)
	at org.springframework.orm.jpa.AbstractEntityManagerFactoryBean.buildNativeEntityManagerFactory(AbstractEntityManagerFactoryBean.java:409)
	at org.springframework.orm.jpa.AbstractEntityManagerFactoryBean.afterPropertiesSet(AbstractEntityManagerFactoryBean.java:396)
	at org.springframework.orm.jpa.LocalContainerEntityManagerFactoryBean.afterPropertiesSet(LocalContainerEntityManagerFactoryBean.java:341)
	at org.springframework.beans.factory.support.AbstractAutowireCapableBeanFactory.invokeInitMethods(AbstractAutowireCapableBeanFactory.java:1863)
	at org.springframework.beans.factory.support.AbstractAutowireCapableBeanFactory.initializeBean(AbstractAutowireCapableBeanFactory.java:1800)
	at org.springframework.beans.factory.support.AbstractAutowireCapableBeanFactory.doCreateBean(AbstractAutowireCapableBeanFactory.java:620)
	at org.springframework.beans.factory.support.AbstractAutowireCapableBeanFactory.createBean(AbstractAutowireCapableBeanFactory.java:542)
	at org.springframework.beans.factory.support.AbstractBeanFactory.lambda$doGetBean$0(AbstractBeanFactory.java:335)
	at org.springframework.beans.factory.support.DefaultSingletonBeanRegistry.getSingleton(DefaultSingletonBeanRegistry.java:234)
	at org.springframework.beans.factory.support.AbstractBeanFactory.doGetBean(AbstractBeanFactory.java:333)
	at org.springframework.beans.factory.support.AbstractBeanFactory.getBean(AbstractBeanFactory.java:208)
	at org.springframework.context.support.AbstractApplicationContext.getBean(AbstractApplicationContext.java:1154)
	at org.springframework.context.support.AbstractApplicationContext.finishBeanFactoryInitialization(AbstractApplicationContext.java:908)
	at org.springframework.context.support.AbstractApplicationContext.refresh(AbstractApplicationContext.java:583)
	at org.springframework.boot.web.servlet.context.ServletWebServerApplicationContext.refresh(ServletWebServerApplicationContext.java:147)
	at org.springframework.boot.SpringApplication.refresh(SpringApplication.java:734)
	at org.springframework.boot.SpringApplication.refreshContext(SpringApplication.java:408)
	at org.springframework.boot.SpringApplication.run(SpringApplication.java:308)
	at org.springframework.boot.SpringApplication.run(SpringApplication.java:1306)
	at org.springframework.boot.SpringApplication.run(SpringApplication.java:1295)
	at com.jajodia.sms.StudentManagementSystemApplication.main(StudentManagementSystemApplication.java:15)
	at java.base/jdk.internal.reflect.NativeMethodAccessorImpl.invoke0(Native Method)
	at java.base/jdk.internal.reflect.NativeMethodAccessorImpl.invoke(NativeMethodAccessorImpl.java:77)
	at java.base/jdk.internal.reflect.DelegatingMethodAccessorImpl.invoke(DelegatingMethodAccessorImpl.java:43)
	at java.base/java.lang.reflect.Method.invoke(Method.java:568)
	at org.springframework.boot.devtools.restart.RestartLauncher.run(RestartLauncher.java:49)
 2022-11-13T17:46:55,206 ERROR [restartedMain]  o.s.o.j.AbstractEntityManagerFactoryBean: Failed to initialize JPA EntityManagerFactory: Unable to create requested service [org.hibernate.engine.jdbc.env.spi.JdbcEnvironment]
 2022-11-13T17:46:55,207 WARN  [restartedMain]  o.s.c.s.AbstractApplicationContext: Exception encountered during context initialization - cancelling refresh attempt: org.springframework.beans.factory.BeanCreationException: Error creating bean with name 'entityManagerFactory' defined in class path resource [org/springframework/boot/autoconfigure/orm/jpa/HibernateJpaConfiguration.class]: Invocation of init method failed; nested exception is org.hibernate.service.spi.ServiceException: Unable to create requested service [org.hibernate.engine.jdbc.env.spi.JdbcEnvironment]
 2022-11-13T17:46:55,227 INFO  [restartedMain]  o.a.j.l.DirectJDKLog: Stopping service [Tomcat]
 2022-11-13T17:46:55,266 INFO  [restartedMain]  o.s.b.a.l.ConditionEvaluationReportLoggingListener: 

Error starting ApplicationContext. To display the conditions report re-run your application with 'debug' enabled.
 2022-11-13T17:46:55,326 ERROR [restartedMain]  o.s.b.SpringApplication: Application run failed
org.springframework.beans.factory.BeanCreationException: Error creating bean with name 'entityManagerFactory' defined in class path resource [org/springframework/boot/autoconfigure/orm/jpa/HibernateJpaConfiguration.class]: Invocation of init method failed; nested exception is org.hibernate.service.spi.ServiceException: Unable to create requested service [org.hibernate.engine.jdbc.env.spi.JdbcEnvironment]
	at org.springframework.beans.factory.support.AbstractAutowireCapableBeanFactory.initializeBean(AbstractAutowireCapableBeanFactory.java:1804)
	at org.springframework.beans.factory.support.AbstractAutowireCapableBeanFactory.doCreateBean(AbstractAutowireCapableBeanFactory.java:620)
	at org.springframework.beans.factory.support.AbstractAutowireCapableBeanFactory.createBean(AbstractAutowireCapableBeanFactory.java:542)
	at org.springframework.beans.factory.support.AbstractBeanFactory.lambda$doGetBean$0(AbstractBeanFactory.java:335)
	at org.springframework.beans.factory.support.DefaultSingletonBeanRegistry.getSingleton(DefaultSingletonBeanRegistry.java:234)
	at org.springframework.beans.factory.support.AbstractBeanFactory.doGetBean(AbstractBeanFactory.java:333)
	at org.springframework.beans.factory.support.AbstractBeanFactory.getBean(AbstractBeanFactory.java:208)
	at org.springframework.context.support.AbstractApplicationContext.getBean(AbstractApplicationContext.java:1154)
	at org.springframework.context.support.AbstractApplicationContext.finishBeanFactoryInitialization(AbstractApplicationContext.java:908)
	at org.springframework.context.support.AbstractApplicationContext.refresh(AbstractApplicationContext.java:583)
	at org.springframework.boot.web.servlet.context.ServletWebServerApplicationContext.refresh(ServletWebServerApplicationContext.java:147)
	at org.springframework.boot.SpringApplication.refresh(SpringApplication.java:734)
	at org.springframework.boot.SpringApplication.refreshContext(SpringApplication.java:408)
	at org.springframework.boot.SpringApplication.run(SpringApplication.java:308)
	at org.springframework.boot.SpringApplication.run(SpringApplication.java:1306)
	at org.springframework.boot.SpringApplication.run(SpringApplication.java:1295)
	at com.jajodia.sms.StudentManagementSystemApplication.main(StudentManagementSystemApplication.java:15)
	at java.base/jdk.internal.reflect.NativeMethodAccessorImpl.invoke0(Native Method)
	at java.base/jdk.internal.reflect.NativeMethodAccessorImpl.invoke(NativeMethodAccessorImpl.java:77)
	at java.base/jdk.internal.reflect.DelegatingMethodAccessorImpl.invoke(DelegatingMethodAccessorImpl.java:43)
	at java.base/java.lang.reflect.Method.invoke(Method.java:568)
	at org.springframework.boot.devtools.restart.RestartLauncher.run(RestartLauncher.java:49)
Caused by: org.hibernate.service.spi.ServiceException: Unable to create requested service [org.hibernate.engine.jdbc.env.spi.JdbcEnvironment]
	at org.hibernate.service.internal.AbstractServiceRegistryImpl.createService(AbstractServiceRegistryImpl.java:275)
	at org.hibernate.service.internal.AbstractServiceRegistryImpl.initializeService(AbstractServiceRegistryImpl.java:237)
	at org.hibernate.service.internal.AbstractServiceRegistryImpl.getService(AbstractServiceRegistryImpl.java:214)
	at org.hibernate.id.factory.internal.DefaultIdentifierGeneratorFactory.injectServices(DefaultIdentifierGeneratorFactory.java:175)
	at org.hibernate.service.internal.AbstractServiceRegistryImpl.injectDependencies(AbstractServiceRegistryImpl.java:286)
	at org.hibernate.service.internal.AbstractServiceRegistryImpl.initializeService(AbstractServiceRegistryImpl.java:243)
	at org.hibernate.service.internal.AbstractServiceRegistryImpl.getService(AbstractServiceRegistryImpl.java:214)
	at org.hibernate.boot.internal.InFlightMetadataCollectorImpl.<init>(InFlightMetadataCollectorImpl.java:173)
	at org.hibernate.boot.model.process.spi.MetadataBuildingProcess.complete(MetadataBuildingProcess.java:127)
	at org.hibernate.jpa.boot.internal.EntityManagerFactoryBuilderImpl.metadata(EntityManagerFactoryBuilderImpl.java:1460)
	at org.hibernate.jpa.boot.internal.EntityManagerFactoryBuilderImpl.build(EntityManagerFactoryBuilderImpl.java:1494)
	at org.springframework.orm.jpa.vendor.SpringHibernateJpaPersistenceProvider.createContainerEntityManagerFactory(SpringHibernateJpaPersistenceProvider.java:58)
	at org.springframework.orm.jpa.LocalContainerEntityManagerFactoryBean.createNativeEntityManagerFactory(LocalContainerEntityManagerFactoryBean.java:365)
	at org.springframework.orm.jpa.AbstractEntityManagerFactoryBean.buildNativeEntityManagerFactory(AbstractEntityManagerFactoryBean.java:409)
	at org.springframework.orm.jpa.AbstractEntityManagerFactoryBean.afterPropertiesSet(AbstractEntityManagerFactoryBean.java:396)
	at org.springframework.orm.jpa.LocalContainerEntityManagerFactoryBean.afterPropertiesSet(LocalContainerEntityManagerFactoryBean.java:341)
	at org.springframework.beans.factory.support.AbstractAutowireCapableBeanFactory.invokeInitMethods(AbstractAutowireCapableBeanFactory.java:1863)
	at org.springframework.beans.factory.support.AbstractAutowireCapableBeanFactory.initializeBean(AbstractAutowireCapableBeanFactory.java:1800)
	... 21 more
Caused by: org.hibernate.HibernateException: Access to DialectResolutionInfo cannot be null when 'hibernate.dialect' not set
	at org.hibernate.engine.jdbc.dialect.internal.DialectFactoryImpl.determineDialect(DialectFactoryImpl.java:100)
	at org.hibernate.engine.jdbc.dialect.internal.DialectFactoryImpl.buildDialect(DialectFactoryImpl.java:54)
	at org.hibernate.engine.jdbc.env.internal.JdbcEnvironmentInitiator.initiateService(JdbcEnvironmentInitiator.java:138)
	at org.hibernate.engine.jdbc.env.internal.JdbcEnvironmentInitiator.initiateService(JdbcEnvironmentInitiator.java:35)
	at org.hibernate.boot.registry.internal.StandardServiceRegistryImpl.initiateService(StandardServiceRegistryImpl.java:101)
	at org.hibernate.service.internal.AbstractServiceRegistryImpl.createService(AbstractServiceRegistryImpl.java:263)
	... 38 more
 2022-11-13T17:49:56,692 INFO  [restartedMain]  o.s.b.StartupInfoLogger: Starting StudentManagementSystemApplication using Java 17.0.3 on PS-WIN-LP-211 with PID 32780 (E:\Git Uploads\SMS\student-management-system\target\classes started by ayush.jajodia in E:\Git Uploads\SMS\student-management-system)
 2022-11-13T17:49:56,706 DEBUG [restartedMain]  o.s.b.StartupInfoLogger: Running with Spring Boot v2.7.1, Spring v5.3.21
 2022-11-13T17:49:56,710 INFO  [restartedMain]  o.s.b.SpringApplication: No active profile set, falling back to 1 default profile: "default"
 2022-11-13T17:49:56,787 INFO  [restartedMain]  o.s.b.l.DeferredLog: Devtools property defaults active! Set 'spring.devtools.add-properties' to 'false' to disable
 2022-11-13T17:49:56,787 INFO  [restartedMain]  o.s.b.l.DeferredLog: For additional web related logging consider setting the 'logging.level.web' property to 'DEBUG'
 2022-11-13T17:49:58,087 INFO  [restartedMain]  o.s.d.r.c.RepositoryConfigurationDelegate: Bootstrapping Spring Data JPA repositories in DEFAULT mode.
 2022-11-13T17:49:58,190 INFO  [restartedMain]  o.s.d.r.c.RepositoryConfigurationDelegate: Finished Spring Data repository scanning in 87 ms. Found 2 JPA repository interfaces.
 2022-11-13T17:49:59,143 INFO  [restartedMain]  o.s.b.w.e.t.TomcatWebServer: Tomcat initialized with port(s): 8070 (http)
 2022-11-13T17:49:59,172 INFO  [restartedMain]  o.a.j.l.DirectJDKLog: Starting service [Tomcat]
 2022-11-13T17:49:59,172 INFO  [restartedMain]  o.a.j.l.DirectJDKLog: Starting Servlet engine: [Apache Tomcat/9.0.64]
 2022-11-13T17:49:59,366 INFO  [restartedMain]  o.a.j.l.DirectJDKLog: Initializing Spring embedded WebApplicationContext
 2022-11-13T17:49:59,367 INFO  [restartedMain]  o.s.b.w.s.c.ServletWebServerApplicationContext: Root WebApplicationContext: initialization completed in 2578 ms
 2022-11-13T17:49:59,717 INFO  [restartedMain]  o.h.j.i.u.LogHelper: HHH000204: Processing PersistenceUnitInfo [name: default]
 2022-11-13T17:49:59,817 INFO  [restartedMain]  o.h.Version: HHH000412: Hibernate ORM core version 5.6.9.Final
 2022-11-13T17:50:00,124 INFO  [restartedMain]  o.h.a.c.r.j.JavaReflectionManager: HCANN000001: Hibernate Commons Annotations {5.1.2.Final}
 2022-11-13T17:50:00,301 INFO  [restartedMain]  c.z.h.HikariDataSource: HikariPool-1 - Starting...
 2022-11-13T17:50:00,773 INFO  [restartedMain]  c.z.h.HikariDataSource: HikariPool-1 - Start completed.
 2022-11-13T17:50:00,812 INFO  [restartedMain]  o.h.d.Dialect: HHH000400: Using dialect: org.hibernate.dialect.MySQL8Dialect
 2022-11-13T17:50:02,443 INFO  [restartedMain]  o.h.e.t.j.p.i.JtaPlatformInitiator: HHH000490: Using JtaPlatform implementation: [org.hibernate.engine.transaction.jta.platform.internal.NoJtaPlatform]
 2022-11-13T17:50:02,471 INFO  [restartedMain]  o.s.o.j.AbstractEntityManagerFactoryBean: Initialized JPA EntityManagerFactory for persistence unit 'default'
 2022-11-13T17:50:03,135 WARN  [restartedMain]  o.s.b.a.o.j.JpaBaseConfiguration$JpaWebConfiguration: spring.jpa.open-in-view is enabled by default. Therefore, database queries may be performed during view rendering. Explicitly configure spring.jpa.open-in-view to disable this warning
 2022-11-13T17:50:03,664 INFO  [restartedMain]  o.s.b.d.a.OptionalLiveReloadServer: LiveReload server is running on port 35729
 2022-11-13T17:50:03,671 INFO  [restartedMain]  o.s.b.a.e.w.EndpointLinksResolver: Exposing 1 endpoint(s) beneath base path '/actuator'
 2022-11-13T17:50:03,737 INFO  [restartedMain]  o.s.b.w.e.t.TomcatWebServer: Tomcat started on port(s): 8070 (http) with context path ''
 2022-11-13T17:50:03,755 INFO  [restartedMain]  o.s.b.StartupInfoLogger: Started StudentManagementSystemApplication in 7.798 seconds (JVM running for 9.426)
 2022-11-13T17:50:49,931 INFO  [http-nio-8070-exec-1]  o.a.j.l.DirectJDKLog: Initializing Spring DispatcherServlet 'dispatcherServlet'
 2022-11-13T17:50:49,932 INFO  [http-nio-8070-exec-1]  o.s.w.s.FrameworkServlet: Initializing Servlet 'dispatcherServlet'
 2022-11-13T17:50:49,936 INFO  [http-nio-8070-exec-1]  o.s.w.s.FrameworkServlet: Completed initialization in 4 ms
 2022-11-13T17:51:30,037 INFO  [http-nio-8070-exec-7]  c.j.s.c.StudentController: inside Student Controller: fetchAllStudents() method
 2022-11-13T17:51:30,039 INFO  [http-nio-8070-exec-7]  c.j.s.c.StudentController: fetching all enrolled students 
 2022-11-13T17:51:57,106 INFO  [http-nio-8070-exec-9]  c.j.s.c.StudentController: inside Student Controller: addStudent() GET method
 2022-11-13T17:51:57,106 INFO  [http-nio-8070-exec-9]  c.j.s.c.StudentController: redirecting to create_student.html page
 2022-11-13T17:52:53,199 INFO  [http-nio-8070-exec-3]  c.j.s.c.StudentController: inside Student Controller: fetchAllStudents() method
 2022-11-13T17:52:53,199 INFO  [http-nio-8070-exec-3]  c.j.s.c.StudentController: fetching all enrolled students 
 2022-11-13T17:52:55,844 INFO  [http-nio-8070-exec-2]  c.j.s.c.SubjectController: inside Subject Controller: fetchAllSubjects() method
 2022-11-13T17:52:55,845 INFO  [http-nio-8070-exec-2]  c.j.s.c.SubjectController: ListOfSubjects method is being called
 2022-11-13T17:53:03,091 INFO  [http-nio-8070-exec-7]  c.j.s.c.StudentController: inside Student Controller: fetchAllStudents() method
 2022-11-13T17:53:03,091 INFO  [http-nio-8070-exec-7]  c.j.s.c.StudentController: fetching all enrolled students 
 2022-11-13T17:54:32,749 INFO  [http-nio-8070-exec-1]  c.j.s.c.StudentController: inside Student Controller: addStudent() GET method
 2022-11-13T17:54:32,749 INFO  [http-nio-8070-exec-1]  c.j.s.c.StudentController: redirecting to create_student.html page
 2022-11-13T17:54:53,383 INFO  [http-nio-8070-exec-2]  c.j.s.c.StudentController: inside Student Controller: addStudent() GET method
 2022-11-13T17:54:53,383 INFO  [http-nio-8070-exec-2]  c.j.s.c.StudentController: redirecting to create_student.html page
 2022-11-13T17:55:49,836 INFO  [http-nio-8070-exec-5]  c.j.s.c.StudentController: inside Student Controller: addStudent() GET method
 2022-11-13T17:55:49,837 INFO  [http-nio-8070-exec-5]  c.j.s.c.StudentController: redirecting to create_student.html page
 2022-11-13T17:56:13,495 INFO  [http-nio-8070-exec-9]  c.j.s.c.StudentController: inside Student Controller: addStudent() POST method
 2022-11-13T17:56:13,625 INFO  [http-nio-8070-exec-9]  c.j.s.c.StudentController: student saved successfully
 2022-11-13T17:56:13,625 INFO  [http-nio-8070-exec-9]  c.j.s.c.StudentController: redirecting to allStudents Page
 2022-11-13T17:56:13,651 INFO  [http-nio-8070-exec-10]  c.j.s.c.StudentController: inside Student Controller: fetchAllStudents() method
 2022-11-13T17:56:13,652 INFO  [http-nio-8070-exec-10]  c.j.s.c.StudentController: fetching all enrolled students 
 2022-11-13T17:56:18,764 INFO  [http-nio-8070-exec-2]  c.j.s.c.SubjectController: inside Subject Controller: fetchAllStudentOfSubjects() method
 2022-11-13T17:56:18,764 INFO  [http-nio-8070-exec-2]  c.j.s.c.SubjectController: fetching name of students enrolled in a subject 
 2022-11-13T17:56:20,478 INFO  [http-nio-8070-exec-4]  c.j.s.c.SubjectController: inside Subject Controller: previousPage() method
 2022-11-13T17:56:20,478 INFO  [http-nio-8070-exec-4]  c.j.s.c.SubjectController: redirecting to listOfSubjects page
 2022-11-13T17:56:20,491 INFO  [http-nio-8070-exec-6]  c.j.s.c.SubjectController: inside Subject Controller: fetchAllSubjects() method
 2022-11-13T17:56:20,491 INFO  [http-nio-8070-exec-6]  c.j.s.c.SubjectController: ListOfSubjects method is being called
 2022-11-13T17:56:25,788 WARN  [http-nio-8070-exec-5]  o.s.w.s.h.AbstractHandlerExceptionResolver: Resolved [org.springframework.web.method.annotation.MethodArgumentTypeMismatchException: Failed to convert value of type 'java.lang.String' to required type 'int'; nested exception is java.lang.NumberFormatException: For input string: "allStudents"]
 2022-11-13T17:56:34,356 WARN  [http-nio-8070-exec-1]  o.s.w.s.h.AbstractHandlerExceptionResolver: Resolved [org.springframework.web.method.annotation.MethodArgumentTypeMismatchException: Failed to convert value of type 'java.lang.String' to required type 'int'; nested exception is java.lang.NumberFormatException: For input string: "allStudents"]
 2022-11-13T17:56:53,818 INFO  [http-nio-8070-exec-8]  c.j.s.c.StudentController: inside Student Controller: fetchAllStudents() method
 2022-11-13T17:56:53,819 INFO  [http-nio-8070-exec-8]  c.j.s.c.StudentController: fetching all enrolled students 
 2022-11-13T17:56:56,716 INFO  [http-nio-8070-exec-7]  c.j.s.c.StudentController: inside Student Controller: editStudentForm() GET method
 2022-11-13T17:56:56,727 INFO  [http-nio-8070-exec-7]  c.j.s.c.StudentController: redirecting to edit_student.html page
 2022-11-13T17:56:59,925 WARN  [http-nio-8070-exec-10]  o.s.w.s.h.AbstractHandlerExceptionResolver: Resolved [org.springframework.web.method.annotation.MethodArgumentTypeMismatchException: Failed to convert value of type 'java.lang.String' to required type 'int'; nested exception is java.lang.NumberFormatException: For input string: "allStudents"]
 2022-11-13T18:10:33,149 INFO  [http-nio-8070-exec-8]  c.j.s.c.StudentController: inside Student Controller: fetchAllStudents() method
 2022-11-13T18:10:33,152 INFO  [http-nio-8070-exec-8]  c.j.s.c.StudentController: fetching all enrolled students 
 2022-11-13T18:12:32,610 INFO  [http-nio-8070-exec-10]  c.j.s.c.StudentController: inside Student Controller: fetchAllStudents() method
 2022-11-13T18:12:32,611 INFO  [http-nio-8070-exec-10]  c.j.s.c.StudentController: fetching all enrolled students 
 2022-11-13T18:12:34,339 INFO  [http-nio-8070-exec-1]  c.j.s.c.StudentController: inside Student Controller: addStudent() GET method
 2022-11-13T18:12:34,340 INFO  [http-nio-8070-exec-1]  c.j.s.c.StudentController: redirecting to create_student.html page
 2022-11-13T18:12:36,645 INFO  [http-nio-8070-exec-3]  c.j.s.c.StudentController: inside Student Controller: fetchAllStudents() method
 2022-11-13T18:12:36,645 INFO  [http-nio-8070-exec-3]  c.j.s.c.StudentController: fetching all enrolled students 
 2022-11-13T18:13:13,094 INFO  [SpringApplicationShutdownHook]  o.s.o.j.AbstractEntityManagerFactoryBean: Closing JPA EntityManagerFactory for persistence unit 'default'
 2022-11-13T18:13:13,100 INFO  [SpringApplicationShutdownHook]  c.z.h.HikariDataSource: HikariPool-1 - Shutdown initiated...
 2022-11-13T18:13:13,110 INFO  [SpringApplicationShutdownHook]  c.z.h.HikariDataSource: HikariPool-1 - Shutdown completed.
 2022-11-13T18:13:23,503 INFO  [restartedMain]  o.s.b.StartupInfoLogger: Starting StudentManagementSystemApplication using Java 17.0.3 on PS-WIN-LP-211 with PID 34432 (E:\Git Uploads\SMS\student-management-system\target\classes started by ayush.jajodia in E:\Git Uploads\SMS\student-management-system)
 2022-11-13T18:13:23,514 DEBUG [restartedMain]  o.s.b.StartupInfoLogger: Running with Spring Boot v2.7.1, Spring v5.3.21
 2022-11-13T18:13:23,516 INFO  [restartedMain]  o.s.b.SpringApplication: No active profile set, falling back to 1 default profile: "default"
 2022-11-13T18:13:23,584 INFO  [restartedMain]  o.s.b.l.DeferredLog: Devtools property defaults active! Set 'spring.devtools.add-properties' to 'false' to disable
 2022-11-13T18:13:23,585 INFO  [restartedMain]  o.s.b.l.DeferredLog: For additional web related logging consider setting the 'logging.level.web' property to 'DEBUG'
 2022-11-13T18:13:25,080 INFO  [restartedMain]  o.s.d.r.c.RepositoryConfigurationDelegate: Bootstrapping Spring Data JPA repositories in DEFAULT mode.
 2022-11-13T18:13:25,153 INFO  [restartedMain]  o.s.d.r.c.RepositoryConfigurationDelegate: Finished Spring Data repository scanning in 59 ms. Found 2 JPA repository interfaces.
 2022-11-13T18:13:26,172 INFO  [restartedMain]  o.s.b.w.e.t.TomcatWebServer: Tomcat initialized with port(s): 8070 (http)
 2022-11-13T18:13:26,202 INFO  [restartedMain]  o.a.j.l.DirectJDKLog: Starting service [Tomcat]
 2022-11-13T18:13:26,202 INFO  [restartedMain]  o.a.j.l.DirectJDKLog: Starting Servlet engine: [Apache Tomcat/9.0.64]
 2022-11-13T18:13:26,400 INFO  [restartedMain]  o.a.j.l.DirectJDKLog: Initializing Spring embedded WebApplicationContext
 2022-11-13T18:13:26,400 INFO  [restartedMain]  o.s.b.w.s.c.ServletWebServerApplicationContext: Root WebApplicationContext: initialization completed in 2814 ms
 2022-11-13T18:13:26,833 INFO  [restartedMain]  o.h.j.i.u.LogHelper: HHH000204: Processing PersistenceUnitInfo [name: default]
 2022-11-13T18:13:26,930 INFO  [restartedMain]  o.h.Version: HHH000412: Hibernate ORM core version 5.6.9.Final
 2022-11-13T18:13:27,223 INFO  [restartedMain]  o.h.a.c.r.j.JavaReflectionManager: HCANN000001: Hibernate Commons Annotations {5.1.2.Final}
 2022-11-13T18:13:27,404 INFO  [restartedMain]  c.z.h.HikariDataSource: HikariPool-1 - Starting...
 2022-11-13T18:13:27,832 INFO  [restartedMain]  c.z.h.HikariDataSource: HikariPool-1 - Start completed.
 2022-11-13T18:13:27,872 INFO  [restartedMain]  o.h.d.Dialect: HHH000400: Using dialect: org.hibernate.dialect.MySQL8Dialect
 2022-11-13T18:13:28,962 INFO  [restartedMain]  o.h.e.t.j.p.i.JtaPlatformInitiator: HHH000490: Using JtaPlatform implementation: [org.hibernate.engine.transaction.jta.platform.internal.NoJtaPlatform]
 2022-11-13T18:13:28,972 INFO  [restartedMain]  o.s.o.j.AbstractEntityManagerFactoryBean: Initialized JPA EntityManagerFactory for persistence unit 'default'
 2022-11-13T18:13:29,678 WARN  [restartedMain]  o.s.b.a.o.j.JpaBaseConfiguration$JpaWebConfiguration: spring.jpa.open-in-view is enabled by default. Therefore, database queries may be performed during view rendering. Explicitly configure spring.jpa.open-in-view to disable this warning
 2022-11-13T18:13:30,244 INFO  [restartedMain]  o.s.b.d.a.OptionalLiveReloadServer: LiveReload server is running on port 35729
 2022-11-13T18:13:30,254 INFO  [restartedMain]  o.s.b.a.e.w.EndpointLinksResolver: Exposing 1 endpoint(s) beneath base path '/actuator'
 2022-11-13T18:13:30,330 INFO  [restartedMain]  o.s.b.w.e.t.TomcatWebServer: Tomcat started on port(s): 8070 (http) with context path ''
 2022-11-13T18:13:30,347 INFO  [restartedMain]  o.s.b.StartupInfoLogger: Started StudentManagementSystemApplication in 7.621 seconds (JVM running for 9.268)
 2022-11-13T18:13:33,091 INFO  [http-nio-8070-exec-1]  o.a.j.l.DirectJDKLog: Initializing Spring DispatcherServlet 'dispatcherServlet'
 2022-11-13T18:13:33,092 INFO  [http-nio-8070-exec-1]  o.s.w.s.FrameworkServlet: Initializing Servlet 'dispatcherServlet'
 2022-11-13T18:13:33,095 INFO  [http-nio-8070-exec-1]  o.s.w.s.FrameworkServlet: Completed initialization in 2 ms
 2022-11-13T18:13:33,186 INFO  [http-nio-8070-exec-1]  c.j.s.c.StudentController: inside Student Controller: fetchAllStudents() method
 2022-11-13T18:13:33,187 INFO  [http-nio-8070-exec-1]  c.j.s.c.StudentController: fetching all enrolled students 
 2022-11-13T18:13:52,876 INFO  [SpringApplicationShutdownHook]  o.s.o.j.AbstractEntityManagerFactoryBean: Closing JPA EntityManagerFactory for persistence unit 'default'
 2022-11-13T18:13:52,881 INFO  [SpringApplicationShutdownHook]  c.z.h.HikariDataSource: HikariPool-1 - Shutdown initiated...
 2022-11-13T18:13:52,890 INFO  [SpringApplicationShutdownHook]  c.z.h.HikariDataSource: HikariPool-1 - Shutdown completed.
 2022-11-13T18:14:02,916 INFO  [restartedMain]  o.s.b.StartupInfoLogger: Starting StudentManagementSystemApplication using Java 17.0.3 on PS-WIN-LP-211 with PID 20784 (E:\Git Uploads\SMS\student-management-system\target\classes started by ayush.jajodia in E:\Git Uploads\SMS\student-management-system)
 2022-11-13T18:14:02,942 DEBUG [restartedMain]  o.s.b.StartupInfoLogger: Running with Spring Boot v2.7.1, Spring v5.3.21
 2022-11-13T18:14:02,945 INFO  [restartedMain]  o.s.b.SpringApplication: No active profile set, falling back to 1 default profile: "default"
 2022-11-13T18:14:03,081 INFO  [restartedMain]  o.s.b.l.DeferredLog: Devtools property defaults active! Set 'spring.devtools.add-properties' to 'false' to disable
 2022-11-13T18:14:03,081 INFO  [restartedMain]  o.s.b.l.DeferredLog: For additional web related logging consider setting the 'logging.level.web' property to 'DEBUG'
 2022-11-13T18:14:04,735 INFO  [restartedMain]  o.s.d.r.c.RepositoryConfigurationDelegate: Bootstrapping Spring Data JPA repositories in DEFAULT mode.
 2022-11-13T18:14:04,830 INFO  [restartedMain]  o.s.d.r.c.RepositoryConfigurationDelegate: Finished Spring Data repository scanning in 69 ms. Found 2 JPA repository interfaces.
 2022-11-13T18:14:05,892 INFO  [restartedMain]  o.s.b.w.e.t.TomcatWebServer: Tomcat initialized with port(s): 8070 (http)
 2022-11-13T18:14:05,929 INFO  [restartedMain]  o.a.j.l.DirectJDKLog: Starting service [Tomcat]
 2022-11-13T18:14:05,930 INFO  [restartedMain]  o.a.j.l.DirectJDKLog: Starting Servlet engine: [Apache Tomcat/9.0.64]
 2022-11-13T18:14:06,122 INFO  [restartedMain]  o.a.j.l.DirectJDKLog: Initializing Spring embedded WebApplicationContext
 2022-11-13T18:14:06,123 INFO  [restartedMain]  o.s.b.w.s.c.ServletWebServerApplicationContext: Root WebApplicationContext: initialization completed in 3040 ms
 2022-11-13T18:14:06,492 INFO  [restartedMain]  o.h.j.i.u.LogHelper: HHH000204: Processing PersistenceUnitInfo [name: default]
 2022-11-13T18:14:06,576 INFO  [restartedMain]  o.h.Version: HHH000412: Hibernate ORM core version 5.6.9.Final
 2022-11-13T18:14:06,831 INFO  [restartedMain]  o.h.a.c.r.j.JavaReflectionManager: HCANN000001: Hibernate Commons Annotations {5.1.2.Final}
 2022-11-13T18:14:06,988 INFO  [restartedMain]  c.z.h.HikariDataSource: HikariPool-1 - Starting...
 2022-11-13T18:14:07,443 INFO  [restartedMain]  c.z.h.HikariDataSource: HikariPool-1 - Start completed.
 2022-11-13T18:14:07,485 INFO  [restartedMain]  o.h.d.Dialect: HHH000400: Using dialect: org.hibernate.dialect.MySQL8Dialect
 2022-11-13T18:14:08,638 INFO  [restartedMain]  o.h.e.t.j.p.i.JtaPlatformInitiator: HHH000490: Using JtaPlatform implementation: [org.hibernate.engine.transaction.jta.platform.internal.NoJtaPlatform]
 2022-11-13T18:14:08,656 INFO  [restartedMain]  o.s.o.j.AbstractEntityManagerFactoryBean: Initialized JPA EntityManagerFactory for persistence unit 'default'
 2022-11-13T18:14:09,642 WARN  [restartedMain]  o.s.b.a.o.j.JpaBaseConfiguration$JpaWebConfiguration: spring.jpa.open-in-view is enabled by default. Therefore, database queries may be performed during view rendering. Explicitly configure spring.jpa.open-in-view to disable this warning
 2022-11-13T18:14:10,448 INFO  [restartedMain]  o.s.b.d.a.OptionalLiveReloadServer: LiveReload server is running on port 35729
 2022-11-13T18:14:10,457 INFO  [restartedMain]  o.s.b.a.e.w.EndpointLinksResolver: Exposing 1 endpoint(s) beneath base path '/actuator'
 2022-11-13T18:14:10,540 INFO  [restartedMain]  o.s.b.w.e.t.TomcatWebServer: Tomcat started on port(s): 8070 (http) with context path ''
 2022-11-13T18:14:10,565 INFO  [restartedMain]  o.s.b.StartupInfoLogger: Started StudentManagementSystemApplication in 8.456 seconds (JVM running for 9.79)
 2022-11-13T18:14:43,878 INFO  [http-nio-8070-exec-1]  o.a.j.l.DirectJDKLog: Initializing Spring DispatcherServlet 'dispatcherServlet'
 2022-11-13T18:14:43,879 INFO  [http-nio-8070-exec-1]  o.s.w.s.FrameworkServlet: Initializing Servlet 'dispatcherServlet'
 2022-11-13T18:14:43,882 INFO  [http-nio-8070-exec-1]  o.s.w.s.FrameworkServlet: Completed initialization in 2 ms
 2022-11-13T18:14:43,969 INFO  [http-nio-8070-exec-1]  c.j.s.c.StudentController: inside Student Controller: addStudent() GET method
 2022-11-13T18:14:43,970 INFO  [http-nio-8070-exec-1]  c.j.s.c.StudentController: redirecting to create_student.html page
 2022-11-13T18:15:23,953 INFO  [SpringApplicationShutdownHook]  o.s.o.j.AbstractEntityManagerFactoryBean: Closing JPA EntityManagerFactory for persistence unit 'default'
 2022-11-13T18:15:23,958 INFO  [SpringApplicationShutdownHook]  c.z.h.HikariDataSource: HikariPool-1 - Shutdown initiated...
 2022-11-13T18:15:23,968 INFO  [SpringApplicationShutdownHook]  c.z.h.HikariDataSource: HikariPool-1 - Shutdown completed.
 2022-11-13T18:15:45,255 INFO  [restartedMain]  o.s.b.StartupInfoLogger: Starting StudentManagementSystemApplication using Java 17.0.3 on PS-WIN-LP-211 with PID 25004 (E:\Git Uploads\SMS\student-management-system\target\classes started by ayush.jajodia in E:\Git Uploads\SMS\student-management-system)
 2022-11-13T18:15:45,266 DEBUG [restartedMain]  o.s.b.StartupInfoLogger: Running with Spring Boot v2.7.1, Spring v5.3.21
 2022-11-13T18:15:45,268 INFO  [restartedMain]  o.s.b.SpringApplication: No active profile set, falling back to 1 default profile: "default"
 2022-11-13T18:15:45,335 INFO  [restartedMain]  o.s.b.l.DeferredLog: Devtools property defaults active! Set 'spring.devtools.add-properties' to 'false' to disable
 2022-11-13T18:15:45,336 INFO  [restartedMain]  o.s.b.l.DeferredLog: For additional web related logging consider setting the 'logging.level.web' property to 'DEBUG'
 2022-11-13T18:15:46,422 INFO  [restartedMain]  o.s.d.r.c.RepositoryConfigurationDelegate: Bootstrapping Spring Data JPA repositories in DEFAULT mode.
 2022-11-13T18:15:46,499 INFO  [restartedMain]  o.s.d.r.c.RepositoryConfigurationDelegate: Finished Spring Data repository scanning in 66 ms. Found 2 JPA repository interfaces.
 2022-11-13T18:15:47,449 INFO  [restartedMain]  o.s.b.w.e.t.TomcatWebServer: Tomcat initialized with port(s): 8070 (http)
 2022-11-13T18:15:47,470 INFO  [restartedMain]  o.a.j.l.DirectJDKLog: Starting service [Tomcat]
 2022-11-13T18:15:47,471 INFO  [restartedMain]  o.a.j.l.DirectJDKLog: Starting Servlet engine: [Apache Tomcat/9.0.64]
 2022-11-13T18:15:47,624 INFO  [restartedMain]  o.a.j.l.DirectJDKLog: Initializing Spring embedded WebApplicationContext
 2022-11-13T18:15:47,625 INFO  [restartedMain]  o.s.b.w.s.c.ServletWebServerApplicationContext: Root WebApplicationContext: initialization completed in 2288 ms
 2022-11-13T18:15:47,922 INFO  [restartedMain]  o.h.j.i.u.LogHelper: HHH000204: Processing PersistenceUnitInfo [name: default]
 2022-11-13T18:15:47,998 INFO  [restartedMain]  o.h.Version: HHH000412: Hibernate ORM core version 5.6.9.Final
 2022-11-13T18:15:48,192 INFO  [restartedMain]  o.h.a.c.r.j.JavaReflectionManager: HCANN000001: Hibernate Commons Annotations {5.1.2.Final}
 2022-11-13T18:15:48,325 INFO  [restartedMain]  c.z.h.HikariDataSource: HikariPool-1 - Starting...
 2022-11-13T18:15:48,736 INFO  [restartedMain]  c.z.h.HikariDataSource: HikariPool-1 - Start completed.
 2022-11-13T18:15:48,767 INFO  [restartedMain]  o.h.d.Dialect: HHH000400: Using dialect: org.hibernate.dialect.MySQL8Dialect
 2022-11-13T18:15:49,621 INFO  [restartedMain]  o.h.e.t.j.p.i.JtaPlatformInitiator: HHH000490: Using JtaPlatform implementation: [org.hibernate.engine.transaction.jta.platform.internal.NoJtaPlatform]
 2022-11-13T18:15:49,633 INFO  [restartedMain]  o.s.o.j.AbstractEntityManagerFactoryBean: Initialized JPA EntityManagerFactory for persistence unit 'default'
 2022-11-13T18:15:50,288 WARN  [restartedMain]  o.s.b.a.o.j.JpaBaseConfiguration$JpaWebConfiguration: spring.jpa.open-in-view is enabled by default. Therefore, database queries may be performed during view rendering. Explicitly configure spring.jpa.open-in-view to disable this warning
 2022-11-13T18:15:50,759 INFO  [restartedMain]  o.s.b.d.a.OptionalLiveReloadServer: LiveReload server is running on port 35729
 2022-11-13T18:15:50,766 INFO  [restartedMain]  o.s.b.a.e.w.EndpointLinksResolver: Exposing 1 endpoint(s) beneath base path '/actuator'
 2022-11-13T18:15:50,829 INFO  [restartedMain]  o.s.b.w.e.t.TomcatWebServer: Tomcat started on port(s): 8070 (http) with context path ''
 2022-11-13T18:15:50,844 INFO  [restartedMain]  o.s.b.StartupInfoLogger: Started StudentManagementSystemApplication in 6.233 seconds (JVM running for 7.557)
 2022-11-13T18:16:33,413 INFO  [http-nio-8070-exec-1]  o.a.j.l.DirectJDKLog: Initializing Spring DispatcherServlet 'dispatcherServlet'
 2022-11-13T18:16:33,415 INFO  [http-nio-8070-exec-1]  o.s.w.s.FrameworkServlet: Initializing Servlet 'dispatcherServlet'
 2022-11-13T18:16:33,419 INFO  [http-nio-8070-exec-1]  o.s.w.s.FrameworkServlet: Completed initialization in 4 ms
 2022-11-13T18:16:33,534 INFO  [http-nio-8070-exec-1]  c.j.s.c.StudentController: inside Student Controller: fetchAllStudents() method
 2022-11-13T18:16:33,535 INFO  [http-nio-8070-exec-1]  c.j.s.c.StudentController: fetching all enrolled students 
 2022-11-13T18:17:03,857 INFO  [http-nio-8070-exec-3]  c.j.s.c.StudentController: inside Student Controller: editStudentForm() GET method
 2022-11-13T18:17:03,904 INFO  [http-nio-8070-exec-3]  c.j.s.c.StudentController: redirecting to edit_student.html page
 2022-11-13T18:17:05,462 WARN  [http-nio-8070-exec-4]  o.s.w.s.h.AbstractHandlerExceptionResolver: Resolved [org.springframework.web.method.annotation.MethodArgumentTypeMismatchException: Failed to convert value of type 'java.lang.String' to required type 'int'; nested exception is java.lang.NumberFormatException: For input string: "allStudents"]
 2022-11-13T18:17:23,269 INFO  [SpringApplicationShutdownHook]  o.s.o.j.AbstractEntityManagerFactoryBean: Closing JPA EntityManagerFactory for persistence unit 'default'
 2022-11-13T18:17:23,273 INFO  [SpringApplicationShutdownHook]  c.z.h.HikariDataSource: HikariPool-1 - Shutdown initiated...
 2022-11-13T18:17:23,282 INFO  [SpringApplicationShutdownHook]  c.z.h.HikariDataSource: HikariPool-1 - Shutdown completed.
 2022-11-13T18:17:33,259 INFO  [restartedMain]  o.s.b.StartupInfoLogger: Starting StudentManagementSystemApplication using Java 17.0.3 on PS-WIN-LP-211 with PID 17924 (E:\Git Uploads\SMS\student-management-system\target\classes started by ayush.jajodia in E:\Git Uploads\SMS\student-management-system)
 2022-11-13T18:17:33,272 DEBUG [restartedMain]  o.s.b.StartupInfoLogger: Running with Spring Boot v2.7.1, Spring v5.3.21
 2022-11-13T18:17:33,275 INFO  [restartedMain]  o.s.b.SpringApplication: No active profile set, falling back to 1 default profile: "default"
 2022-11-13T18:17:33,357 INFO  [restartedMain]  o.s.b.l.DeferredLog: Devtools property defaults active! Set 'spring.devtools.add-properties' to 'false' to disable
 2022-11-13T18:17:33,358 INFO  [restartedMain]  o.s.b.l.DeferredLog: For additional web related logging consider setting the 'logging.level.web' property to 'DEBUG'
 2022-11-13T18:17:34,575 INFO  [restartedMain]  o.s.d.r.c.RepositoryConfigurationDelegate: Bootstrapping Spring Data JPA repositories in DEFAULT mode.
 2022-11-13T18:17:34,662 INFO  [restartedMain]  o.s.d.r.c.RepositoryConfigurationDelegate: Finished Spring Data repository scanning in 75 ms. Found 2 JPA repository interfaces.
 2022-11-13T18:17:35,701 INFO  [restartedMain]  o.s.b.w.e.t.TomcatWebServer: Tomcat initialized with port(s): 8070 (http)
 2022-11-13T18:17:35,733 INFO  [restartedMain]  o.a.j.l.DirectJDKLog: Starting service [Tomcat]
 2022-11-13T18:17:35,733 INFO  [restartedMain]  o.a.j.l.DirectJDKLog: Starting Servlet engine: [Apache Tomcat/9.0.64]
 2022-11-13T18:17:35,922 INFO  [restartedMain]  o.a.j.l.DirectJDKLog: Initializing Spring embedded WebApplicationContext
 2022-11-13T18:17:35,922 INFO  [restartedMain]  o.s.b.w.s.c.ServletWebServerApplicationContext: Root WebApplicationContext: initialization completed in 2562 ms
 2022-11-13T18:17:36,343 INFO  [restartedMain]  o.h.j.i.u.LogHelper: HHH000204: Processing PersistenceUnitInfo [name: default]
 2022-11-13T18:17:36,449 INFO  [restartedMain]  o.h.Version: HHH000412: Hibernate ORM core version 5.6.9.Final
 2022-11-13T18:17:36,756 INFO  [restartedMain]  o.h.a.c.r.j.JavaReflectionManager: HCANN000001: Hibernate Commons Annotations {5.1.2.Final}
 2022-11-13T18:17:36,926 INFO  [restartedMain]  c.z.h.HikariDataSource: HikariPool-1 - Starting...
 2022-11-13T18:17:37,364 INFO  [restartedMain]  c.z.h.HikariDataSource: HikariPool-1 - Start completed.
 2022-11-13T18:17:37,405 INFO  [restartedMain]  o.h.d.Dialect: HHH000400: Using dialect: org.hibernate.dialect.MySQL8Dialect
 2022-11-13T18:17:38,415 INFO  [restartedMain]  o.h.e.t.j.p.i.JtaPlatformInitiator: HHH000490: Using JtaPlatform implementation: [org.hibernate.engine.transaction.jta.platform.internal.NoJtaPlatform]
 2022-11-13T18:17:38,425 INFO  [restartedMain]  o.s.o.j.AbstractEntityManagerFactoryBean: Initialized JPA EntityManagerFactory for persistence unit 'default'
 2022-11-13T18:17:39,023 WARN  [restartedMain]  o.s.b.a.o.j.JpaBaseConfiguration$JpaWebConfiguration: spring.jpa.open-in-view is enabled by default. Therefore, database queries may be performed during view rendering. Explicitly configure spring.jpa.open-in-view to disable this warning
 2022-11-13T18:17:39,514 INFO  [restartedMain]  o.s.b.d.a.OptionalLiveReloadServer: LiveReload server is running on port 35729
 2022-11-13T18:17:39,522 INFO  [restartedMain]  o.s.b.a.e.w.EndpointLinksResolver: Exposing 1 endpoint(s) beneath base path '/actuator'
 2022-11-13T18:17:39,592 INFO  [restartedMain]  o.s.b.w.e.t.TomcatWebServer: Tomcat started on port(s): 8070 (http) with context path ''
 2022-11-13T18:17:39,611 INFO  [restartedMain]  o.s.b.StartupInfoLogger: Started StudentManagementSystemApplication in 7.008 seconds (JVM running for 8.29)
 2022-11-13T18:18:00,981 INFO  [http-nio-8070-exec-1]  o.a.j.l.DirectJDKLog: Initializing Spring DispatcherServlet 'dispatcherServlet'
 2022-11-13T18:18:00,983 INFO  [http-nio-8070-exec-1]  o.s.w.s.FrameworkServlet: Initializing Servlet 'dispatcherServlet'
 2022-11-13T18:18:00,987 INFO  [http-nio-8070-exec-1]  o.s.w.s.FrameworkServlet: Completed initialization in 3 ms
 2022-11-13T18:18:01,066 INFO  [http-nio-8070-exec-1]  c.j.s.c.StudentController: inside Student Controller: fetchAllStudents() method
 2022-11-13T18:18:01,067 INFO  [http-nio-8070-exec-1]  c.j.s.c.StudentController: fetching all enrolled students 
 2022-11-13T18:18:03,380 INFO  [http-nio-8070-exec-2]  c.j.s.c.StudentController: inside Student Controller: fetchAllStudents() method
 2022-11-13T18:18:03,381 INFO  [http-nio-8070-exec-2]  c.j.s.c.StudentController: fetching all enrolled students 
 2022-11-13T18:18:08,235 INFO  [http-nio-8070-exec-4]  c.j.s.c.StudentController: inside Student Controller: editStudentForm() GET method
 2022-11-13T18:18:08,285 INFO  [http-nio-8070-exec-4]  c.j.s.c.StudentController: redirecting to edit_student.html page
 2022-11-13T18:18:09,630 INFO  [http-nio-8070-exec-5]  c.j.s.c.StudentController: inside Student Controller: fetchAllStudents() method
 2022-11-13T18:18:09,631 INFO  [http-nio-8070-exec-5]  c.j.s.c.StudentController: fetching all enrolled students 
 2022-11-13T18:18:17,155 INFO  [http-nio-8070-exec-8]  c.j.s.c.SubjectController: inside Subject Controller: fetchAllStudentOfSubjects() method
 2022-11-13T18:18:17,155 INFO  [http-nio-8070-exec-8]  c.j.s.c.SubjectController: fetching name of students enrolled in a subject 
 2022-11-13T18:18:18,814 WARN  [http-nio-8070-exec-9]  o.s.w.s.h.AbstractHandlerExceptionResolver: Resolved [org.springframework.web.method.annotation.MethodArgumentTypeMismatchException: Failed to convert value of type 'java.lang.String' to required type 'int'; nested exception is java.lang.NumberFormatException: For input string: "allStudents"]
 2022-11-13T18:19:19,165 INFO  [SpringApplicationShutdownHook]  o.s.o.j.AbstractEntityManagerFactoryBean: Closing JPA EntityManagerFactory for persistence unit 'default'
 2022-11-13T18:19:19,171 INFO  [SpringApplicationShutdownHook]  c.z.h.HikariDataSource: HikariPool-1 - Shutdown initiated...
 2022-11-13T18:19:19,180 INFO  [SpringApplicationShutdownHook]  c.z.h.HikariDataSource: HikariPool-1 - Shutdown completed.
 2022-11-13T18:19:29,212 INFO  [restartedMain]  o.s.b.StartupInfoLogger: Starting StudentManagementSystemApplication using Java 17.0.3 on PS-WIN-LP-211 with PID 25052 (E:\Git Uploads\SMS\student-management-system\target\classes started by ayush.jajodia in E:\Git Uploads\SMS\student-management-system)
 2022-11-13T18:19:29,228 DEBUG [restartedMain]  o.s.b.StartupInfoLogger: Running with Spring Boot v2.7.1, Spring v5.3.21
 2022-11-13T18:19:29,230 INFO  [restartedMain]  o.s.b.SpringApplication: No active profile set, falling back to 1 default profile: "default"
 2022-11-13T18:19:29,323 INFO  [restartedMain]  o.s.b.l.DeferredLog: Devtools property defaults active! Set 'spring.devtools.add-properties' to 'false' to disable
 2022-11-13T18:19:29,324 INFO  [restartedMain]  o.s.b.l.DeferredLog: For additional web related logging consider setting the 'logging.level.web' property to 'DEBUG'
 2022-11-13T18:19:30,668 INFO  [restartedMain]  o.s.d.r.c.RepositoryConfigurationDelegate: Bootstrapping Spring Data JPA repositories in DEFAULT mode.
 2022-11-13T18:19:30,742 INFO  [restartedMain]  o.s.d.r.c.RepositoryConfigurationDelegate: Finished Spring Data repository scanning in 61 ms. Found 2 JPA repository interfaces.
 2022-11-13T18:19:31,680 INFO  [restartedMain]  o.s.b.w.e.t.TomcatWebServer: Tomcat initialized with port(s): 8070 (http)
 2022-11-13T18:19:31,704 INFO  [restartedMain]  o.a.j.l.DirectJDKLog: Starting service [Tomcat]
 2022-11-13T18:19:31,704 INFO  [restartedMain]  o.a.j.l.DirectJDKLog: Starting Servlet engine: [Apache Tomcat/9.0.64]
 2022-11-13T18:19:31,872 INFO  [restartedMain]  o.a.j.l.DirectJDKLog: Initializing Spring embedded WebApplicationContext
 2022-11-13T18:19:31,873 INFO  [restartedMain]  o.s.b.w.s.c.ServletWebServerApplicationContext: Root WebApplicationContext: initialization completed in 2548 ms
 2022-11-13T18:19:32,236 INFO  [restartedMain]  o.h.j.i.u.LogHelper: HHH000204: Processing PersistenceUnitInfo [name: default]
 2022-11-13T18:19:32,300 INFO  [restartedMain]  o.h.Version: HHH000412: Hibernate ORM core version 5.6.9.Final
 2022-11-13T18:19:32,511 INFO  [restartedMain]  o.h.a.c.r.j.JavaReflectionManager: HCANN000001: Hibernate Commons Annotations {5.1.2.Final}
 2022-11-13T18:19:32,647 INFO  [restartedMain]  c.z.h.HikariDataSource: HikariPool-1 - Starting...
 2022-11-13T18:19:33,072 INFO  [restartedMain]  c.z.h.HikariDataSource: HikariPool-1 - Start completed.
 2022-11-13T18:19:33,101 INFO  [restartedMain]  o.h.d.Dialect: HHH000400: Using dialect: org.hibernate.dialect.MySQL8Dialect
 2022-11-13T18:19:34,020 INFO  [restartedMain]  o.h.e.t.j.p.i.JtaPlatformInitiator: HHH000490: Using JtaPlatform implementation: [org.hibernate.engine.transaction.jta.platform.internal.NoJtaPlatform]
 2022-11-13T18:19:34,030 INFO  [restartedMain]  o.s.o.j.AbstractEntityManagerFactoryBean: Initialized JPA EntityManagerFactory for persistence unit 'default'
 2022-11-13T18:19:34,635 WARN  [restartedMain]  o.s.b.a.o.j.JpaBaseConfiguration$JpaWebConfiguration: spring.jpa.open-in-view is enabled by default. Therefore, database queries may be performed during view rendering. Explicitly configure spring.jpa.open-in-view to disable this warning
 2022-11-13T18:19:35,153 INFO  [restartedMain]  o.s.b.d.a.OptionalLiveReloadServer: LiveReload server is running on port 35729
 2022-11-13T18:19:35,161 INFO  [restartedMain]  o.s.b.a.e.w.EndpointLinksResolver: Exposing 1 endpoint(s) beneath base path '/actuator'
 2022-11-13T18:19:35,235 INFO  [restartedMain]  o.s.b.w.e.t.TomcatWebServer: Tomcat started on port(s): 8070 (http) with context path ''
 2022-11-13T18:19:35,255 INFO  [restartedMain]  o.s.b.StartupInfoLogger: Started StudentManagementSystemApplication in 6.814 seconds (JVM running for 8.292)
 2022-11-13T18:19:43,992 INFO  [http-nio-8070-exec-1]  o.a.j.l.DirectJDKLog: Initializing Spring DispatcherServlet 'dispatcherServlet'
 2022-11-13T18:19:43,993 INFO  [http-nio-8070-exec-1]  o.s.w.s.FrameworkServlet: Initializing Servlet 'dispatcherServlet'
 2022-11-13T18:19:43,996 INFO  [http-nio-8070-exec-1]  o.s.w.s.FrameworkServlet: Completed initialization in 3 ms
 2022-11-13T18:19:44,111 WARN  [http-nio-8070-exec-1]  o.s.w.s.h.AbstractHandlerExceptionResolver: Resolved [org.springframework.web.method.annotation.MethodArgumentTypeMismatchException: Failed to convert value of type 'java.lang.String' to required type 'int'; nested exception is java.lang.NumberFormatException: For input string: "allStudents"]
 2022-11-13T18:19:47,050 INFO  [http-nio-8070-exec-6]  c.j.s.c.StudentController: inside Student Controller: fetchAllStudents() method
 2022-11-13T18:19:47,050 INFO  [http-nio-8070-exec-6]  c.j.s.c.StudentController: fetching all enrolled students 
 2022-11-13T18:19:48,183 INFO  [http-nio-8070-exec-7]  c.j.s.c.StudentController: inside Student Controller: fetchAllStudents() method
 2022-11-13T18:19:48,183 INFO  [http-nio-8070-exec-7]  c.j.s.c.StudentController: fetching all enrolled students 
 2022-11-13T18:19:54,337 INFO  [http-nio-8070-exec-9]  c.j.s.c.StudentController: inside Student Controller: fetchAllStudents() method
 2022-11-13T18:19:54,337 INFO  [http-nio-8070-exec-9]  c.j.s.c.StudentController: fetching all enrolled students 
 2022-11-13T18:20:01,316 INFO  [http-nio-8070-exec-2]  c.j.s.c.SubjectController: inside Subject Controller: fetchAllStudentOfSubjects() method
 2022-11-13T18:20:01,317 INFO  [http-nio-8070-exec-2]  c.j.s.c.SubjectController: fetching name of students enrolled in a subject 
 2022-11-13T18:20:03,484 INFO  [http-nio-8070-exec-3]  c.j.s.c.StudentController: inside Student Controller: fetchAllStudents() method
 2022-11-13T18:20:03,485 INFO  [http-nio-8070-exec-3]  c.j.s.c.StudentController: fetching all enrolled students 
 2022-11-13T18:20:04,907 INFO  [http-nio-8070-exec-5]  c.j.s.c.StudentController: inside Student Controller: addStudent() GET method
 2022-11-13T18:20:04,909 INFO  [http-nio-8070-exec-5]  c.j.s.c.StudentController: redirecting to create_student.html page
 2022-11-13T18:21:22,002 INFO  [SpringApplicationShutdownHook]  o.s.o.j.AbstractEntityManagerFactoryBean: Closing JPA EntityManagerFactory for persistence unit 'default'
 2022-11-13T18:21:22,009 INFO  [SpringApplicationShutdownHook]  c.z.h.HikariDataSource: HikariPool-1 - Shutdown initiated...
 2022-11-13T18:21:22,019 INFO  [SpringApplicationShutdownHook]  c.z.h.HikariDataSource: HikariPool-1 - Shutdown completed.
 